# ----------------------------------------
# Jasper Version Info
# tool      : Jasper 2023.12
# platform  : Linux 4.18.0-553.32.1.el8_10.x86_64
# version   : 2023.12p001 64 bits
# build date: 2024.01.23 16:09:24 UTC
# ----------------------------------------
# started   : 2025-06-01 15:29:59 PDT
# hostname  : caddy15.stanford.edu.(none)
# pid       : 1017159
# arguments : '-label' 'session_0' '-console' '//127.0.0.1:33189' '-style' 'windows' '-data' 'AAAA8HicVY69CgIxEIS/KPaW1paCegiCxRU2doqoYBv0vEI4PPEHwUYf1TeJsx4nZJbMbJKdZByQvkII/NB8itrMWbBmJl6ylUKHMSMmJEzJ2HGg4KguqXzuUympI4btG/HJ6h0ptGpzPWKGHn39U6hKHnjunLiKz6qSCzdypfBKuNF0V2ns3tbw33vxnoFmM71j+ALvlxzl' '-proj' '/home/users/ccarrete/cva6-formal/cva6/jgproject/sessionLogs/session_0' '-init' '-hidden' '/home/users/ccarrete/cva6-formal/cva6/jgproject/.tmp/.initCmds.tcl' 'insns/insn_sb.tcl'

Any disclosure about the Cadence Design Systems software or its use
model to any third party violates the written Non-Disclosure Agreement
between Cadence Design Systems, Inc. and the customer.

THIS SOFTWARE CONTAINS CONFIDENTIAL INFORMATION AND TRADE SECRETS OF
CADENCE DESIGN SYSTEMS, INC. USE, DISCLOSURE, OR REPRODUCTION IS
PROHIBITED WITHOUT THE PRIOR EXPRESS WRITTEN PERMISSION OF CADENCE
DESIGN SYSTEMS, INC.

Copyright (C) 2000-2023 Cadence Design Systems, Inc. All Rights
Reserved.  Unpublished -- rights reserved under the copyright laws of
the United States.

This product includes software developed by others and redistributed
according to license agreement. See doc/third_party_readme.txt for
further details.

RESTRICTED RIGHTS LEGEND

Use, duplication, or disclosure by the Government is subject to
restrictions as set forth in subparagraph (c) (1) (ii) of the Rights in
Technical Data and Computer Software clause at DFARS 252.227-7013 or
subparagraphs (c) (1) and (2) of Commercial Computer Software -- Restricted
Rights at 48 CFR 52.227-19, as applicable.


                          Cadence Design Systems, Inc.
                          2655 Seely Avenue
                          San Jose, CA 95134
                          Phone: 408.943.1234

For technical assistance visit http://support.cadence.com.

Jasper Apps Analysis Session - /home/users/ccarrete/cva6-formal/cva6/jgproject/sessionLogs/session_0

INFO: successfully checked out licenses "jasper_interactive" and "jasper_fao".
INFO: reading configuration file "/home/users/ccarrete/.config/cadence/jasper.conf".
% analyze +define+RISCV_FORMAL_INSN_MODEL=insn_sb -f Flist.formal -sv insns/insn_sb.v
INFO (INL011): Processing "-f" file "/home/users/ccarrete/cva6-formal/cva6/Flist.formal".
[-- (VERI-1482)] Analyzing Verilog file '/cad/cadence/jasper_2023.12p001/lib/verilog/packages/std/std.sv' into library 'std'
[-- (VERI-1482)] Analyzing Verilog file 'core/include/formal_config_pkg.sv'
[-- (VERI-1482)] Analyzing Verilog file 'core/include/riscv_pkg.sv'
[-- (VERI-1482)] Analyzing Verilog file 'core/include/ariane_dm_pkg.sv'
[-- (VERI-1482)] Analyzing Verilog file 'core/include/ariane_pkg.sv'
[-- (VERI-1482)] Analyzing Verilog file 'vendor/pulp-platform/axi/src/axi_pkg.sv'
[-- (VERI-1482)] Analyzing Verilog file 'core/include/ariane_rvfi_pkg.sv'
[-- (VERI-1482)] Analyzing Verilog file 'core/include/ariane_axi_pkg.sv'
[-- (VERI-1482)] Analyzing Verilog file 'core/include/wt_cache_pkg.sv'
[-- (VERI-1482)] Analyzing Verilog file 'core/include/std_cache_pkg.sv'
[-- (VERI-1482)] Analyzing Verilog file 'core/include/axi_intf.sv'
[-- (VERI-1482)] Analyzing Verilog file 'checks/rvfi_macros.vh'
[-- (VERI-1482)] Analyzing Verilog file 'checks/rvfi_testbench.sv'
[-- (VERI-1482)] Analyzing Verilog file 'checks/rvfi_insn_check.sv'
[-- (VERI-1482)] Analyzing Verilog file 'core/wrapper.sv'
[-- (VERI-1482)] Analyzing Verilog file 'core/include/cvxif_pkg.sv'
[-- (VERI-1482)] Analyzing Verilog file 'core/cvxif_example/include/cvxif_instr_pkg.sv'
[WARN (VERI-2418)] core/cvxif_example/include/cvxif_instr_pkg.sv(19): parameter 'NbInstr' declared inside package 'cvxif_instr_pkg' shall be treated as localparam
[WARN (VERI-2418)] core/cvxif_example/include/cvxif_instr_pkg.sv(20): parameter 'CoproInstr' declared inside package 'cvxif_instr_pkg' shall be treated as localparam
[-- (VERI-1482)] Analyzing Verilog file 'core/cvxif_fu.sv'
[-- (VERI-1482)] Analyzing Verilog file 'vendor/pulp-platform/common_cells/src/cf_math_pkg.sv'
[-- (VERI-1482)] Analyzing Verilog file 'vendor/pulp-platform/common_cells/src/fifo_v3.sv'
[-- (VERI-1482)] Analyzing Verilog file 'vendor/pulp-platform/common_cells/src/lfsr.sv'
[-- (VERI-1482)] Analyzing Verilog file 'vendor/pulp-platform/common_cells/src/lzc.sv'
[-- (VERI-1482)] Analyzing Verilog file 'vendor/pulp-platform/common_cells/src/rr_arb_tree.sv'
[-- (VERI-1482)] Analyzing Verilog file 'vendor/pulp-platform/common_cells/src/shift_reg.sv'
[-- (VERI-1482)] Analyzing Verilog file 'vendor/pulp-platform/common_cells/src/unread.sv'
[-- (VERI-1482)] Analyzing Verilog file 'vendor/pulp-platform/common_cells/src/popcount.sv'
[-- (VERI-1482)] Analyzing Verilog file 'vendor/pulp-platform/common_cells/src/exp_backoff.sv'
[-- (VERI-1482)] Analyzing Verilog file 'vendor/pulp-platform/common_cells/src/counter.sv'
[-- (VERI-1482)] Analyzing Verilog file 'vendor/pulp-platform/common_cells/src/delta_counter.sv'
[-- (VERI-1482)] Analyzing Verilog file 'core/cva6.sv'
[-- (VERI-1482)] Analyzing Verilog file 'core/alu.sv'
[-- (VERI-1482)] Analyzing Verilog file 'core/branch_unit.sv'
[-- (VERI-1482)] Analyzing Verilog file 'core/compressed_decoder.sv'
[-- (VERI-1482)] Analyzing Verilog file 'core/controller.sv'
[-- (VERI-1482)] Analyzing Verilog file 'core/csr_buffer.sv'
[-- (VERI-1482)] Analyzing Verilog file 'core/csr_regfile.sv'
[-- (VERI-1482)] Analyzing Verilog file 'core/decoder.sv'
[-- (VERI-1482)] Analyzing Verilog file 'core/ex_stage.sv'
[-- (VERI-1482)] Analyzing Verilog file 'core/instr_realign.sv'
[-- (VERI-1482)] Analyzing Verilog file 'core/id_stage.sv'
[-- (VERI-1482)] Analyzing Verilog file 'core/issue_read_operands.sv'
[-- (VERI-1482)] Analyzing Verilog file 'core/issue_stage.sv'
[-- (VERI-1482)] Analyzing Verilog file 'core/load_unit.sv'
[-- (VERI-1482)] Analyzing Verilog file 'core/load_store_unit.sv'
[-- (VERI-1482)] Analyzing Verilog file 'core/lsu_bypass.sv'
[-- (VERI-1482)] Analyzing Verilog file 'core/mult.sv'
[-- (VERI-1482)] Analyzing Verilog file 'core/multiplier.sv'
[-- (VERI-1482)] Analyzing Verilog file 'core/serdiv.sv'
[-- (VERI-1482)] Analyzing Verilog file 'core/perf_counters.sv'
[-- (VERI-1482)] Analyzing Verilog file 'core/ariane_regfile_ff.sv'
[-- (VERI-1482)] Analyzing Verilog file 'core/ariane_regfile_fpga.sv'
[-- (VERI-1482)] Analyzing Verilog file 'core/re_name.sv'
[-- (VERI-1482)] Analyzing Verilog file 'core/scoreboard.sv'
[-- (VERI-1482)] Analyzing Verilog file 'core/store_buffer.sv'
[-- (VERI-1482)] Analyzing Verilog file 'core/amo_buffer.sv'
[-- (VERI-1482)] Analyzing Verilog file 'core/store_unit.sv'
[-- (VERI-1482)] Analyzing Verilog file 'core/commit_stage.sv'
[-- (VERI-1482)] Analyzing Verilog file 'core/axi_shim.sv'
[-- (VERI-1482)] Analyzing Verilog file 'core/frontend/btb.sv'
[-- (VERI-1482)] Analyzing Verilog file 'core/frontend/bht.sv'
[-- (VERI-1482)] Analyzing Verilog file 'core/frontend/ras.sv'
[-- (VERI-1482)] Analyzing Verilog file 'core/frontend/instr_scan.sv'
[-- (VERI-1482)] Analyzing Verilog file 'core/frontend/instr_queue.sv'
[-- (VERI-1482)] Analyzing Verilog file 'core/frontend/frontend.sv'
[-- (VERI-1482)] Analyzing Verilog file 'core/cache_subsystem/wt_dcache_ctrl.sv'
[-- (VERI-1482)] Analyzing Verilog file 'core/cache_subsystem/wt_dcache_mem.sv'
[-- (VERI-1482)] Analyzing Verilog file 'core/cache_subsystem/wt_dcache_missunit.sv'
[-- (VERI-1482)] Analyzing Verilog file 'core/cache_subsystem/wt_dcache_wbuffer.sv'
[-- (VERI-1482)] Analyzing Verilog file 'core/cache_subsystem/wt_dcache.sv'
[-- (VERI-1482)] Analyzing Verilog file 'core/cache_subsystem/cva6_icache.sv'
[-- (VERI-1482)] Analyzing Verilog file 'core/cache_subsystem/wt_cache_subsystem.sv'
[-- (VERI-1482)] Analyzing Verilog file 'core/cache_subsystem/wt_axi_adapter.sv'
[-- (VERI-1482)] Analyzing Verilog file 'insns/insn_sb.v'
% elaborate -bbox_m {wt_cache_subsystem wt_axi_adapter wt_dcache_mem sram}
[WARN (VERI-1927)] checks/rvfi_testbench.sv(46): port 'check' remains unconnected for this instance
[WARN (VERI-1927)] core/wrapper.sv(38): port 'cvxif_req_o' remains unconnected for this instance
[WARN (VERI-2435)] core/wrapper.sv(38): port 'cvxif_resp_i' is not connected on this instance
[INFO (VERI-1018)] insns/insn_sb.v(4): compiling module 'insn_sb'
[INFO (VERI-1018)] checks/rvfi_insn_check.sv(15): compiling module 'rvfi_insn_check'
[WARN (VERI-1209)] checks/rvfi_insn_check.sv(28): expression size 32 truncated to fit in target size 2
[INFO (VERI-1018)] core/instr_realign.sv(23): compiling module 'instr_realign'
[INFO (VERI-1018)] vendor/pulp-platform/common_cells/src/unread.sv(16): compiling module 'unread'
[INFO (VERI-1018)] vendor/pulp-platform/common_cells/src/lzc.sv(25): compiling module 'lzc:(WIDTH=32'b010)'
[INFO (VERI-1018)] vendor/pulp-platform/common_cells/src/popcount.sv(19): compiling module 'popcount:(INPUT_WIDTH=32'b010)'
[INFO (VERI-1018)] core/frontend/instr_queue.sv(46): compiling module 'instr_queue'
[WARN (VERI-9005)] core/frontend/instr_queue.sv(187): 32-bit index expression '(i + idx_is_q)' is larger than the required 2 bits. This might lead to an out-of-bound access
[WARN (VERI-9005)] core/frontend/instr_queue.sv(188): 32-bit index expression '(i + idx_is_q)' is larger than the required 2 bits. This might lead to an out-of-bound access
[WARN (VERI-1209)] core/frontend/instr_queue.sv(280): expression size 64 truncated to fit in target size 32
[INFO (VERI-1018)] vendor/pulp-platform/common_cells/src/fifo_v3.sv(13): compiling module 'fifo_v3:(DEPTH=32'b0100,dtype=instr_data_t_instr_queue)'
[WARN (VERI-1209)] vendor/pulp-platform/common_cells/src/fifo_v3.sv(102): expression size 32 truncated to fit in target size 2
[WARN (VERI-1209)] vendor/pulp-platform/common_cells/src/fifo_v3.sv(104): expression size 32 truncated to fit in target size 3
[WARN (VERI-1209)] vendor/pulp-platform/common_cells/src/fifo_v3.sv(113): expression size 32 truncated to fit in target size 2
[WARN (VERI-1209)] vendor/pulp-platform/common_cells/src/fifo_v3.sv(115): expression size 32 truncated to fit in target size 3
[INFO (VERI-1018)] vendor/pulp-platform/common_cells/src/fifo_v3.sv(13): compiling module 'fifo_v3:(DATA_WIDTH=32'b0100000,DEPTH=32'b0100)'
[INFO (VERI-1018)] core/frontend/instr_scan.sv(18): compiling module 'instr_scan'
[INFO (VERI-1018)] core/frontend/frontend.sv(19): compiling module 'frontend:(ArianeCfg='{0,0,0,32'b010,1024'b0,1024'b0,32'b011,1024'b01000000000000000000000000000000000000000000000000000000000000000000000000000000100000000000000000000000000000000000000000000000000000000000000000000000000000000,1024'b0100000000000000000000000000000000000000000000000000000000000000000000000000000100000000000000000000000000000000000000000000000000000000000000000001000000000000,32'b01,1024'b010000000000000000000000000000000,1024'b01000000000000000000000000000000,1'b1,1'b0,64'b0,32'b0})'
[INFO (VERI-1018)] core/decoder.sv(22): compiling module 'decoder'
[INFO (VERI-1018)] core/compressed_decoder.sv(22): compiling module 'compressed_decoder'
[WARN (VERI-1209)] core/compressed_decoder.sv(198): expression size 48 truncated to fit in target size 32
[INFO (VERI-1018)] core/id_stage.sv(16): compiling module 'id_stage'
[INFO (VERI-1018)] core/re_name.sv(12): compiling module 're_name'
[WARN (VERI-9005)] core/re_name.sv(52): 6-bit index expression 'issue_instr_i.rd' is larger than the required 5 bits. This might lead to an out-of-bound access
[WARN (VERI-9005)] core/re_name.sv(52): 6-bit index expression 'issue_instr_i.rd' is larger than the required 5 bits. This might lead to an out-of-bound access
[WARN (VERI-9005)] core/re_name.sv(57): 6-bit index expression 'issue_instr_i.rs1' is larger than the required 5 bits. This might lead to an out-of-bound access
[WARN (VERI-9005)] core/re_name.sv(59): 6-bit index expression 'issue_instr_i.rs2' is larger than the required 5 bits. This might lead to an out-of-bound access
[WARN (VERI-9005)] core/re_name.sv(65): 6-bit index expression 'issue_instr_i.rd' is larger than the required 5 bits. This might lead to an out-of-bound access
[WARN (VERI-1209)] core/re_name.sv(68): expression size 37 truncated to fit in target size 6
[WARN (VERI-1209)] core/re_name.sv(69): expression size 37 truncated to fit in target size 6
[WARN (VERI-1209)] core/re_name.sv(76): expression size 37 truncated to fit in target size 6
[INFO (VERI-1018)] core/scoreboard.sv(15): compiling module 'scoreboard:(NR_ENTRIES=32'b010,NR_WB_PORTS=32'b0100,NR_COMMIT_PORTS=32'b01)'
[INFO (VERI-1018)] vendor/pulp-platform/common_cells/src/rr_arb_tree.sv(47): compiling module 'rr_arb_tree:(NumIn=32'b011,DataType=fu_t_ariane_pkg,ExtPrio=1'b1,AxiVldRdy=1'b1)'
[INFO (VERI-1018)] vendor/pulp-platform/common_cells/src/rr_arb_tree.sv(47): compiling module 'rr_arb_tree:(NumIn=32'b0110,DataWidth=32'b0100000,ExtPrio=1'b1,AxiVldRdy=1'b1)'
[INFO (VERI-1018)] core/ariane_regfile_ff.sv(25): compiling module 'ariane_regfile:(DATA_WIDTH=32'b0100000,NR_READ_PORTS=32'b010,NR_WRITE_PORTS=32'b01,ZERO_REG_ZERO=1'b1)'
[INFO (VERI-1018)] core/issue_read_operands.sv(17): compiling module 'issue_read_operands:(NR_COMMIT_PORTS=32'b01)'
[INFO (VERI-1018)] core/issue_stage.sv(17): compiling module 'issue_stage:(NR_ENTRIES=32'b010,NR_WB_PORTS=32'b0100,NR_COMMIT_PORTS=32'b01)'
[INFO (VERI-1018)] core/alu.sv(21): compiling module 'alu'
[INFO (VERI-1018)] core/branch_unit.sv(15): compiling module 'branch_unit'
[INFO (VERI-1018)] core/csr_buffer.sv(17): compiling module 'csr_buffer'
[INFO (VERI-1018)] core/multiplier.sv(18): compiling module 'multiplier'
[WARN (VDB-1002)] core/multiplier.sv(32): net 'clmul_q[31]' does not have a driver
[WARN (VDB-1002)] core/multiplier.sv(32): net 'clmulr_q[31]' does not have a driver
[INFO (VERI-1018)] vendor/pulp-platform/common_cells/src/lzc.sv(25): compiling module 'lzc:(WIDTH=32'b0100000,MODE=1'b1)'
[INFO (VERI-1018)] core/serdiv.sv(18): compiling module 'serdiv:(WIDTH=32)'
[WARN (VERI-1209)] core/serdiv.sv(85): expression size 33 truncated to fit in target size 32
[WARN (VERI-1209)] core/serdiv.sv(107): expression size 32 truncated to fit in target size 6
[WARN (VERI-1209)] core/serdiv.sv(108): expression size 32 truncated to fit in target size 7
[WARN (VERI-1209)] core/serdiv.sv(147): expression size 32 truncated to fit in target size 6
[INFO (VERI-1018)] core/mult.sv(3): compiling module 'mult'
[INFO (VERI-1018)] core/store_buffer.sv(17): compiling module 'store_buffer'
[WARN (VERI-1209)] core/store_buffer.sv(107): expression size 5 truncated to fit in target size 3
[WARN (VERI-1209)] core/store_buffer.sv(182): expression size 5 truncated to fit in target size 3
[INFO (VERI-1018)] core/amo_buffer.sv(17): compiling module 'amo_buffer'
[INFO (VERI-1018)] vendor/pulp-platform/common_cells/src/fifo_v3.sv(13): compiling module 'fifo_v3:(DEPTH=32'b01,dtype=amo_op_t_amo_buffer)'
[INFO (VERI-1018)] core/store_unit.sv(16): compiling module 'store_unit'
[WARN (VERI-1330)] core/store_unit.sv(185): actual bit length 32 differs from formal bit length 64 for port 'data'
[INFO (VERI-1018)] core/load_unit.sv(16): compiling module 'load_unit:(ArianeCfg='{0,0,0,32'b010,1024'b0,1024'b0,32'b011,1024'b01000000000000000000000000000000000000000000000000000000000000000000000000000000100000000000000000000000000000000000000000000000000000000000000000000000000000000,1024'b0100000000000000000000000000000000000000000000000000000000000000000000000000000100000000000000000000000000000000000000000000000000000000000000000001000000000000,32'b01,1024'b010000000000000000000000000000000,1024'b01000000000000000000000000000000,1'b1,1'b0,64'b0,32'b0})'
[WARN (VERI-1330)] core/load_unit.sv(87): actual bit length 34 differs from formal bit length 64 for port 'address'
[WARN (VERI-1209)] core/load_unit.sv(349): expression size 32 truncated to fit in target size 2
[INFO (VERI-1018)] core/lsu_bypass.sv(26): compiling module 'lsu_bypass'
[INFO (VERI-1018)] core/load_store_unit.sv(16): compiling module 'load_store_unit:(ASID_WIDTH=32'b01,ArianeCfg='{0,0,0,32'b010,1024'b0,1024'b0,32'b011,1024'b01000000000000000000000000000000000000000000000000000000000000000000000000000000100000000000000000000000000000000000000000000000000000000000000000000000000000000,1024'b0100000000000000000000000000000000000000000000000000000000000000000000000000000100000000000000000000000000000000000000000000000000000000000000000001000000000000,32'b01,1024'b010000000000000000000000000000000,1024'b01000000000000000000000000000000,1'b1,1'b0,64'b0,32'b0})'
[INFO (VERI-1018)] vendor/pulp-platform/common_cells/src/shift_reg.sv(16): compiling module 'shift_reg:(dtype=logic[98:0],Depth=32'b0)'
[INFO (VERI-1018)] core/ex_stage.sv(17): compiling module 'ex_stage:(ASID_WIDTH=32'b01,ArianeCfg='{0,0,0,32'b010,1024'b0,1024'b0,32'b011,1024'b01000000000000000000000000000000000000000000000000000000000000000000000000000000100000000000000000000000000000000000000000000000000000000000000000000000000000000,1024'b0100000000000000000000000000000000000000000000000000000000000000000000000000000100000000000000000000000000000000000000000000000000000000000000000001000000000000,32'b01,1024'b010000000000000000000000000000000,1024'b01000000000000000000000000000000,1'b1,1'b0,64'b0,32'b0})'
[INFO (VERI-1018)] core/commit_stage.sv(16): compiling module 'commit_stage:(NR_COMMIT_PORTS=32'b01)'
[INFO (VERI-1018)] core/csr_regfile.sv(16): compiling module 'csr_regfile:(NrCommitPorts=32'b01,NrPMPEntries=32'b0)'
[WARN (VERI-9005)] core/csr_regfile.sv(314): 5-bit index expression 'index' is larger than the required 4 bits. This might lead to an out-of-bound access
[WARN (VERI-9005)] core/csr_regfile.sv(315): 5-bit index expression 'index' is larger than the required 4 bits. This might lead to an out-of-bound access
[WARN (VERI-1209)] core/csr_regfile.sv(315): expression size 42 truncated to fit in target size 32
[WARN (VERI-9005)] core/csr_regfile.sv(317): 5-bit index expression 'index' is larger than the required 4 bits. This might lead to an out-of-bound access
[WARN (VERI-1209)] core/csr_regfile.sv(317): expression size 42 truncated to fit in target size 32
[WARN (VERI-1899)] core/csr_regfile.sv(322): 'csr_read_process.index' inside always_comb block does not represent combinational logic
[WARN (VERI-9005)] core/csr_regfile.sv(649): 5-bit index expression 'index' is larger than the required 4 bits. This might lead to an out-of-bound access
[WARN (VERI-9005)] core/csr_regfile.sv(649): 5-bit index expression 'index' is larger than the required 4 bits. This might lead to an out-of-bound access
[WARN (VERI-9005)] core/csr_regfile.sv(649): 5-bit index expression 'index' is larger than the required 4 bits. This might lead to an out-of-bound access
[WARN (VERI-9005)] core/csr_regfile.sv(650): 5-bit index expression 'index' is larger than the required 4 bits. This might lead to an out-of-bound access
[WARN (VERI-1899)] core/csr_regfile.sv(878): 'mask' inside always_comb block does not represent combinational logic
[WARN (VERI-1995)] core/csr_regfile.sv(958): unique/priority if/case is not full; Use "elaborate -extract_case_assertions" to check whether the user-defined unique cases are overlapping
[INFO (VERI-1018)] core/controller.sv(16): compiling module 'controller'
[INFO (VERI-1018)] core/wrapper.sv(2): compiling module 'rvfi_wrapper'
[WARN (VERI-1220)] core/wrapper.sv(14): using initial value of 'boot_addr_i' since it is never assigned
[WARN (VERI-1220)] core/wrapper.sv(15): using initial value of 'hart_id_i' since it is never assigned
[WARN (VERI-1220)] core/wrapper.sv(18): using initial value of 'irq_i' since it is never assigned
[WARN (VERI-1220)] core/wrapper.sv(19): using initial value of 'ipi_i' since it is never assigned
[WARN (VERI-1220)] core/wrapper.sv(21): using initial value of 'time_irq_i' since it is never assigned
[WARN (VERI-1220)] core/wrapper.sv(22): using initial value of 'debug_req_i' since it is never assigned
[INFO (VERI-1018)] core/cva6.sv(26): compiling module 'cva6'
[INFO (VERI-1018)] core/cache_subsystem/wt_cache_subsystem.sv(22): compiling module 'wt_cache_subsystem:(ArianeCfg='{0,0,0,32'b010,1024'b0,1024'b0,32'b011,1024'b01000000000000000000000000000000000000000000000000000000000000000000000000000000100000000000000000000000000000000000000000000000000000000000000000000000000000000,1024'b0100000000000000000000000000000000000000000000000000000000000000000000000000000100000000000000000000000000000000000000000000000000000000000000000001000000000000,32'b01,1024'b010000000000000000000000000000000,1024'b01000000000000000000000000000000,1'b1,1'b0,64'b0,32'b0},AxiAddrWidth=32'b01000000,AxiDataWidth=32'b01000000,AxiIdWidth=32'b0100,axi_req_t=req_t_ariane_axi,axi_rsp_t=resp_t_ariane_axi)'
[WARN (VERI-1209)] core/cva6.sv(1029): expression size 6 truncated to fit in target size 5
[WARN (VERI-1209)] core/cva6.sv(1030): expression size 6 truncated to fit in target size 5
[WARN (VERI-1209)] core/cva6.sv(1031): expression size 6 truncated to fit in target size 5
[WARN (VDB-1002)] core/cva6.sv(231): net 'data_perf_csr[31]' does not have a driver
[WARN (VERI-8028)] core/wrapper.sv(24): missing/open ports on instance i_cva6 of module cva6
[WARN (VDB-1002)] core/wrapper.sv(12): net 'axi_resp.aw_ready' does not have a driver
[WARN (VDB-1013)] core/wrapper.sv(38): input port 'cvxif_resp_i.x_compressed_ready' is not connected on this instance
[INFO (VERI-1018)] checks/rvfi_testbench.sv(16): compiling module 'rvfi_testbench'
[WARN (VERI-8028)] checks/rvfi_testbench.sv(28): missing/open ports on instance checker_inst of module rvfi_insn_check
[WARN (VDB-1013)] checks/rvfi_testbench.sv(46): input port 'check' is not connected on this instance
[INFO (VERI-1018)] checks/rvfi_testbench.sv(60): compiling module 'rvfi_seq:(seq=1024'b0)'
[WARN (VERI-1209)] checks/rvfi_testbench.sv(72): expression size 1024 truncated to fit in target size 8
[WARN (VERI-1209)] checks/rvfi_testbench.sv(80): expression size 4 truncated to fit in target size 1
[WARN (VERI-1209)] checks/rvfi_testbench.sv(84): expression size 32 truncated to fit in target size 1
[WARN (VERI-1209)] checks/rvfi_testbench.sv(85): expression size 32 truncated to fit in target size 1
[WARN (VERI-1209)] checks/rvfi_testbench.sv(86): expression size 32 truncated to fit in target size 1
[WARN (VERI-1209)] checks/rvfi_testbench.sv(87): expression size 32 truncated to fit in target size 1
[WARN (VERI-1209)] checks/rvfi_testbench.sv(88): expression size 32 truncated to fit in target size 1
[WARN (VERI-1209)] checks/rvfi_testbench.sv(89): expression size 32 truncated to fit in target size 1
[WARN (VERI-1209)] checks/rvfi_testbench.sv(90): expression size 32 truncated to fit in target size 1
[WARN (VERI-1209)] checks/rvfi_testbench.sv(91): expression size 32 truncated to fit in target size 1
[WARN (VERI-1209)] checks/rvfi_testbench.sv(92): expression size 32 truncated to fit in target size 1
[WARN (VERI-1209)] checks/rvfi_testbench.sv(93): expression size 32 truncated to fit in target size 1
[WARN (VERI-1209)] checks/rvfi_testbench.sv(94): expression size 32 truncated to fit in target size 1
[WARN (VERI-1209)] checks/rvfi_testbench.sv(95): expression size 32 truncated to fit in target size 1
[WARN (VERI-1209)] checks/rvfi_testbench.sv(96): expression size 32 truncated to fit in target size 1
[WARN (VERI-1209)] checks/rvfi_testbench.sv(97): expression size 32 truncated to fit in target size 1
[WARN (VERI-1209)] checks/rvfi_testbench.sv(99): expression size 4 truncated to fit in target size 1
[INFO (VERI-1018)] checks/rvfi_testbench.sv(106): compiling module 'rvfi_assume_seq'
[INFO (VERI-1018)] core/cvxif_fu.sv(13): compiling module 'cvxif_fu'
[INFO (VERI-1018)] vendor/pulp-platform/common_cells/src/delta_counter.sv(13): compiling module 'delta_counter:(WIDTH=32'b0100)'
[INFO (VERI-1018)] vendor/pulp-platform/common_cells/src/counter.sv(14): compiling module 'counter'
[INFO (VERI-1018)] core/perf_counters.sv(16): compiling module 'perf_counters'
[INFO (VERI-1018)] core/ariane_regfile_fpga.sv(28): compiling module 'ariane_regfile_fpga'
[WARN (VERI-1060)] core/ariane_regfile_fpga.sv(125): 'initial' construct is ignored
[INFO (VERI-1018)] core/axi_shim.sv(22): compiling module 'axi_shim'
[WARN (VERI-1209)] core/axi_shim.sv(103): expression size 64 truncated to fit in target size 1
[WARN (VERI-1209)] core/axi_shim.sv(111): expression size 4 truncated to fit in target size 2
[WARN (VERI-1209)] core/axi_shim.sv(117): expression size 32 truncated to fit in target size 2
[WARN (VERI-1209)] core/axi_shim.sv(265): expression size 64 truncated to fit in target size 2
[WARN (VERI-1209)] core/axi_shim.sv(269): expression size 4 truncated to fit in target size 2
[INFO (VERI-1018)] core/frontend/btb.sv(28): compiling module 'btb'
[INFO (VERI-1018)] core/frontend/bht.sv(21): compiling module 'bht'
[WARN (VERI-1209)] core/frontend/bht.sv(80): expression size 32 truncated to fit in target size 2
[WARN (VERI-1209)] core/frontend/bht.sv(85): expression size 32 truncated to fit in target size 2
[WARN (VERI-1209)] core/frontend/bht.sv(88): expression size 32 truncated to fit in target size 2
[WARN (VERI-1209)] core/frontend/bht.sv(90): expression size 32 truncated to fit in target size 2
[INFO (VERI-1018)] core/frontend/ras.sv(17): compiling module 'ras'
[INFO (VERI-1018)] vendor/pulp-platform/common_cells/src/lzc.sv(25): compiling module 'lzc:(WIDTH=32'b011)'
[INFO (VERI-1018)] vendor/pulp-platform/common_cells/src/lfsr.sv(22): compiling module 'lfsr:(LfsrWidth=32'b01000,OutWidth=32'b01)'
[INFO (VERI-1018)] vendor/pulp-platform/common_cells/src/exp_backoff.sv(23): compiling module 'exp_backoff:(Seed=32'b011)'
[INFO (VERI-1018)] core/cache_subsystem/wt_dcache_missunit.sv(17): compiling module 'wt_dcache_missunit:(AxiCompliant=1'b1,AmoTxId=2'b01,NumPorts=32'b011)'
[WARN (VERI-1209)] core/cache_subsystem/wt_dcache_missunit.sv(121): expression size 32 truncated to fit in target size 1
[WARN (VERI-9005)] core/cache_subsystem/wt_dcache_missunit.sv(235): 32-bit index expression '((amo_req_i.operand_a[2] * 32) + 31)' is larger than the required 6 bits. This might lead to an out-of-bound access
[WARN (VERI-1209)] core/cache_subsystem/wt_dcache_missunit.sv(247): expression size 64 truncated to fit in target size 1
[WARN (VERI-1209)] core/cache_subsystem/wt_dcache_missunit.sv(282): expression size 32 truncated to fit in target size 1
[INFO (VERI-1018)] vendor/pulp-platform/common_cells/src/lzc.sv(25): compiling module 'lzc:(WIDTH=32'b0100)'
[INFO (VERI-1018)] vendor/pulp-platform/common_cells/src/lzc.sv(25): compiling module 'lzc:(WIDTH=32'b0)'
[WARN (VERI-1107)] vendor/pulp-platform/common_cells/src/lzc.sv(107): replication constant must be positive
[INFO (VERI-1018)] core/cache_subsystem/wt_dcache_wbuffer.sv(52): compiling module 'wt_dcache_wbuffer:(ArianeCfg='{0,0,0,32'b010,1024'b0,1024'b0,32'b011,1024'b01000000000000000000000000000000000000000000000000000000000000000000000000000000100000000000000000000000000000000000000000000000000000000000000000000000000000000,1024'b0100000000000000000000000000000000000000000000000000000000000000000000000000000100000000000000000000000000000000000000000000000000000000000000000001000000000000,32'b01,1024'b010000000000000000000000000000000,1024'b01000000000000000000000000000000,1'b1,1'b0,64'b0,32'b0})'
[WARN (VERI-1330)] core/cache_subsystem/wt_dcache_wbuffer.sv(196): actual bit length 1 differs from formal bit length 32 for port 'data'
[WARN (VERI-1209)] core/cache_subsystem/wt_dcache_wbuffer.sv(196): expression size 64 truncated to fit in target size 1
[INFO (VERI-1018)] vendor/pulp-platform/common_cells/src/fifo_v3.sv(13): compiling module 'fifo_v3:(DATA_WIDTH=32'b0,DEPTH=32'b01)'
[WARN (VERI-9005)] core/cache_subsystem/wt_dcache_wbuffer.sv(237): 2-bit index expression 'rtrn_id' is larger than the required 1 bits. This might lead to an out-of-bound access
[WARN (VERI-9005)] core/cache_subsystem/wt_dcache_wbuffer.sv(241): 2-bit index expression 'rtrn_id' is larger than the required 1 bits. This might lead to an out-of-bound access
[WARN (VERI-9005)] core/cache_subsystem/wt_dcache_wbuffer.sv(247): 2-bit index expression 'tx_id' is larger than the required 1 bits. This might lead to an out-of-bound access
[WARN (VERI-9005)] core/cache_subsystem/wt_dcache_wbuffer.sv(248): 2-bit index expression 'tx_id' is larger than the required 1 bits. This might lead to an out-of-bound access
[WARN (VERI-9005)] core/cache_subsystem/wt_dcache_wbuffer.sv(249): 2-bit index expression 'tx_id' is larger than the required 1 bits. This might lead to an out-of-bound access
[INFO (VERI-1018)] vendor/pulp-platform/common_cells/src/rr_arb_tree.sv(47): compiling module 'rr_arb_tree:(NumIn=32'b01,DataWidth=32'b01,LockIn=1'b1)'
[WARN (VERI-1330)] core/cache_subsystem/wt_dcache_wbuffer.sv(271): actual bit length 2 differs from formal bit length 1 for port 'idx_o'
[WARN (VERI-9005)] core/cache_subsystem/wt_dcache_wbuffer.sv(290): 2-bit index expression 'rtrn_id' is larger than the required 1 bits. This might lead to an out-of-bound access
[WARN (VERI-9005)] core/cache_subsystem/wt_dcache_wbuffer.sv(293): 2-bit index expression 'rtrn_id' is larger than the required 1 bits. This might lead to an out-of-bound access
[WARN (VERI-1330)] core/cache_subsystem/wt_dcache_wbuffer.sv(343): actual bit length 2 differs from formal bit length 1 for port 'cnt_o'
[WARN (VERI-1330)] core/cache_subsystem/wt_dcache_wbuffer.sv(352): actual bit length 2 differs from formal bit length 1 for port 'cnt_o'
[INFO (VERI-1018)] vendor/pulp-platform/common_cells/src/rr_arb_tree.sv(47): compiling module 'rr_arb_tree:(NumIn=32'b0,DataType=wbuffer_t_wt_cache_pkg,LockIn=1'b1)'
[WARN (VDB-1002)] vendor/pulp-platform/common_cells/src/rr_arb_tree.sv(132): net 'gen_arbiter.index_nodes[0][0]' does not have a driver
[WARN (VDB-1002)] vendor/pulp-platform/common_cells/src/rr_arb_tree.sv(133): net 'gen_arbiter.data_nodes[0].wtag[31]' does not have a driver
[WARN (VDB-1002)] vendor/pulp-platform/common_cells/src/rr_arb_tree.sv(135): net 'gen_arbiter.req_nodes[0]' does not have a driver
[WARN (VDB-1002)] vendor/pulp-platform/common_cells/src/rr_arb_tree.sv(204): net 'gen_arbiter.gen_int_rr.gen_fair_arb.upper_mask[-1]' does not have a driver
[WARN (VDB-1002)] vendor/pulp-platform/common_cells/src/rr_arb_tree.sv(204): net 'gen_arbiter.gen_int_rr.gen_fair_arb.lower_mask[-1]' does not have a driver
[WARN (VERI-1330)] core/cache_subsystem/wt_dcache_wbuffer.sv(372): actual bit length 2 differs from formal bit length 1 for port 'idx_o'
[INFO (VERI-1018)] vendor/pulp-platform/common_cells/src/rr_arb_tree.sv(47): compiling module 'rr_arb_tree:(NumIn=32'b0,DataType=wbuffer_t_wt_cache_pkg)'
[WARN (VERI-1330)] core/cache_subsystem/wt_dcache_wbuffer.sv(390): actual bit length 2 differs from formal bit length 1 for port 'idx_o'
[WARN (VERI-9005)] core/cache_subsystem/wt_dcache_wbuffer.sv(438): 2-bit index expression 'rtrn_id' is larger than the required 1 bits. This might lead to an out-of-bound access
[WARN (VDB-1002)] core/cache_subsystem/wt_dcache_wbuffer.sv(107): net 'valid[-1]' does not have a driver
[WARN (VDB-1002)] core/cache_subsystem/wt_dcache_wbuffer.sv(108): net 'dirty[-1]' does not have a driver
[WARN (VDB-1002)] core/cache_subsystem/wt_dcache_wbuffer.sv(109): net 'tocheck[-1]' does not have a driver
[WARN (VDB-1002)] core/cache_subsystem/wt_dcache_wbuffer.sv(110): net 'wbuffer_hit_oh[-1]' does not have a driver
[WARN (VDB-1002)] core/cache_subsystem/wt_dcache_wbuffer.sv(112): net 'bdirty[0][3]' does not have a driver
[INFO (VERI-1018)] core/cache_subsystem/wt_dcache_mem.sv(29): compiling module 'wt_dcache_mem:(AxiCompliant=1'b1,AxiDataWidth=32'b0,NumPorts=32'b011)'
[INFO (VERI-1018)] core/cache_subsystem/wt_dcache_ctrl.sv(16): compiling module 'wt_dcache_ctrl:(RdTxId=2'b01,ArianeCfg='{0,0,0,32'b010,1024'b0,1024'b0,32'b011,1024'b01000000000000000000000000000000000000000000000000000000000000000000000000000000100000000000000000000000000000000000000000000000000000000000000000000000000000000,1024'b0100000000000000000000000000000000000000000000000000000000000000000000000000000100000000000000000000000000000000000000000000000000000000000000000001000000000000,32'b01,1024'b010000000000000000000000000000000,1024'b01000000000000000000000000000000,1'b1,1'b0,64'b0,32'b0})'
[INFO (VERI-1018)] core/cache_subsystem/wt_dcache.sv(16): compiling module 'wt_dcache'
[INFO (VERI-1018)] core/cache_subsystem/cva6_icache.sv(28): compiling module 'cva6_icache'
[WARN (VERI-1209)] core/cache_subsystem/cva6_icache.sv(113): expression size 34 truncated to fit in target size 32
[WARN (VERI-1209)] core/cache_subsystem/cva6_icache.sv(123): expression size 34 truncated to fit in target size 3
[WARN (VERI-1330)] core/cache_subsystem/cva6_icache.sv(153): actual bit length 34 differs from formal bit length 64 for port 'address'
[WARN (VERI-1209)] core/cache_subsystem/cva6_icache.sv(331): expression size 32 truncated to fit in target size 1
[WARN (VERI-9005)] core/cache_subsystem/cva6_icache.sv(394): 6-bit index expression '{cl_offset_q,3'b0} +: FETCH_USER_WIDTH' is larger than the required 2 bits. This might lead to an out-of-bound access
[WARN (VERI-9005)] core/cache_subsystem/cva6_icache.sv(412): 6-bit index expression '{cl_offset_q,3'b0} +: FETCH_USER_WIDTH' is larger than the required 2 bits. This might lead to an out-of-bound access
[INFO (VERI-1018)] core/cache_subsystem/wt_axi_adapter.sv(17): compiling module 'wt_axi_adapter'
INFO (ISW003): Top module name is "rvfi_testbench".
WARNING (WNL008): Module "wt_cache_subsystem" is blackboxed due to analyze/elaborate bbox_m or compilation configuration. All instances will be blackboxed.
WARNING (WNL008): Module "wt_dcache_mem" is blackboxed due to analyze/elaborate bbox_m or compilation configuration. All instances will be blackboxed.
WARNING (WNL008): Module "sram" is blackboxed due to analyze/elaborate bbox_m or compilation configuration. All instances will be blackboxed.
WARNING (WNL008): Module "wt_axi_adapter" is blackboxed due to analyze/elaborate bbox_m or compilation configuration. All instances will be blackboxed.
INFO (INL208): Elaboration synthesis summary:
  Number of synthesized netlists          84 (11 packages)
  Single run mode                         On
  Pipeline                                On (68 pipelined netlists)
  Late hierarchical reference connection  On
  Number of analyzed Verilog modules      78 (71 synthesized)
  Number of analyzed VHDL entities        0 (1 synthesized)
WARNING (WNL018): core/multiplier.sv(102): multiplication operator mult_33s_33s (size 66) automatically black boxed.
    Use the "elaborate -bbox_mul" command to prevent automatic black-boxing.
WARNING (WOBS004): checks/rvfi_insn_check.sv(73): Non-sequence cover property can have non-LRM-compliant semantics. For LRM semantics, use the "elaborate" flag "-lrm_cover_property".
WARNING (WOBS004): checks/rvfi_insn_check.sv(74): Non-sequence cover property can have non-LRM-compliant semantics. For LRM semantics, use the "elaborate" flag "-lrm_cover_property".
WARNING (WOBS004): checks/rvfi_insn_check.sv(75): Non-sequence cover property can have non-LRM-compliant semantics. For LRM semantics, use the "elaborate" flag "-lrm_cover_property".
WARNING (WOBS004): checks/rvfi_insn_check.sv(76): Non-sequence cover property can have non-LRM-compliant semantics. For LRM semantics, use the "elaborate" flag "-lrm_cover_property".
INFO (INL003): Clearing all state information (assumes, stopats, and so forth).
rvfi_testbench
[<embedded>] % clock clk_i
[<embedded>] % reset !rst_ni
INFO (IPM031): Clearing proof results of all properties.
INFO (IRS006): Current reset condition is "rst_ni".
[<embedded>] % set_engine_mode {Ht}
[<embedded>] % set_engineH_first_trace_attempt 5
[<embedded>] % prove -all -cover 
INFO (IPF036): Starting proof on task: "<embedded>", 19 properties to prove with 0 already proven/unreachable
INFO (IRS029): Starting reset analysis: phase 1 of 4.
INFO (IRS030): Running reset analysis: phase 2 of 4.
INFO (IRS031): Running reset analysis: phase 3 of 4.
INFO (IRS020): Starting the reset analysis simulation with a limit of 100 iterations (phase 4 of 4).
INFO (IRS024): Reset iterations 0 to 3 analyzed.
INFO (IRS018): Reset analysis simulation executed for 2 iterations. Assigned values for 6063 of 6071 design flops, 0 of 96 design latches, 0 of 0 internal elements.
INFO (IRS039): Reset analysis complete.
INFO (IPF031): Settings used for proof thread 0:
    orchestration                 = off (auto)
    time_limit                    = 86400s
    per_property_time_limit       = 1s * 10 ^ scan
    engine_mode                   = Ht 
    proofgrid_per_engine_max_jobs = 1
    max engine jobs               = Ht, total 1
    proofgrid_mode                = local
    proofgrid_restarts            = 10
0: Using multistage preprocessing
0: Starting reduce
0: Finished reduce in 0.091s
0.0.PRE: Performing Proof Simplification...
0.0.Ht: clocks: 1, declared: 1, looping: 0, posedge: 1, negedge: 0, noedge: 0, bothedge: 0
0.0.Ht: Proof Simplification Iteration 1	[0.00 s]
0.0.Ht: Proof Simplification Iteration 2	[0.04 s]
0.0.Ht: Proof Simplification Iteration 3	[0.06 s]
0.0.Ht: Proof Simplification Iteration 4	[0.09 s]
0.0.Ht: Proof Simplification Iteration 5	[0.11 s]
0.0.Ht: Proof Simplification Iteration 6	[0.13 s]
0.0.PRE: Proof Simplification completed in 0.21 s
0.0.Ht: Identified and disabled 7 duplicated targets.
0: About to start ProofGrid in its own thread with a limit of 10000 pending notifications and a limit of 10 traces.
0: =============================== ProofGrid start ===============================
0: ProofGrid usable level: 1
0: Initial ProofGrid level: 1
0: ProofGrid is starting event handling
0.0.Ht: caddy15.stanford.edu: "Rocky Linux 8.10 (Green Obsidian)" is an unsupported operating system.
0.0.Ht: Proofgrid shell started at 1017246@caddy15.stanford.edu(local) jg_1017159_caddy15.stanford.edu_1
0.0.Ht: clocks: 1, declared: 1, looping: 0, posedge: 1, negedge: 0, noedge: 0, bothedge: 0
0.0.Ht: Trace Attempt  5	[0.10 s]
0.0.Ht: A trace with 5 cycles was found. [0.10 s]
INFO (IPF047): 0.0.Ht: The cover property "rvfi_testbench.checker_inst.rs1_addr_0_cover" was covered in 1 cycles in 0.31 s.
INFO (IPF047): 0.0.Ht: The cover property "rvfi_testbench.wrapper.i_cva6.reset" was covered in 1 cycles in 0.31 s.
INFO (IPF047): 0.0.Ht: The cover property "rvfi_testbench.wrapper.i_cva6.rvfi_valid" was covered in 5 cycles in 0.31 s.
INFO (IPF047): 0.0.Ht: The cover property "rvfi_testbench.wrapper.i_cva6.rvfi_insn_not_zero" was covered in 5 cycles in 0.31 s.
INFO (IPF047): 0.0.Ht: The cover property "rvfi_testbench.wrapper.i_cva6.rvfi_insn_alu_op" was covered in 5 cycles in 0.31 s.
0.0.Ht: A trace with 5 cycles was found. [0.11 s]
INFO (IPF047): 0.0.Ht: The cover property "rvfi_testbench.checker_inst.rs1_addr_not_0_cover" was covered in 4 cycles in 0.36 s.
0.0.Ht: A trace with 5 cycles was found. [0.12 s]
INFO (IPF047): 0.0.Ht: The cover property "rvfi_testbench.checker_inst.rs1_data_not_0_cover" was covered in 4 cycles in 0.40 s.
0.0.Ht: Trace Attempt  6	[0.17 s]
0.0.Ht: A trace with 6 cycles was found. [0.19 s]
INFO (IPF047): 0.0.Ht: The cover property "rvfi_testbench.checker_inst.spec_valid_assume:precondition1" was covered in 6 cycles in 0.45 s.
INFO (IPF047): 0.0.Ht: The cover property "rvfi_testbench.checker_inst.rs2_addr_0_data_0_prop:precondition1" was covered in 6 cycles in 0.45 s.
INFO (IPF047): 0.0.Ht: The cover property "rvfi_testbench.checker_inst.rs1_addr_match_prop:precondition1" was covered in 6 cycles in 0.45 s.
INFO (IPF047): 0.0.Ht: The cover property "rvfi_testbench.checker_inst.spec_valid_cover" was covered in 6 cycles in 0.45 s.
INFO (IPF047): 0.0.Ht: The cover property "rvfi_testbench.checker_inst.rd_addr_match_prop:precondition1" was covered in 6 cycles in 0.45 s.
INFO (IPF047): 0.0.Ht: The cover property "rvfi_testbench.checker_inst.rd_wdata_match_prop:precondition1" was covered in 6 cycles in 0.45 s.
INFO (IPF047): 0.0.Ht: The cover property "rvfi_testbench.checker_inst.pc_wdata_match_prop:precondition1" was covered in 6 cycles in 0.45 s.
INFO (IPF047): 0.0.Ht: The cover property "rvfi_testbench.checker_inst.mem_addr_match_prop:precondition1" was covered in 6 cycles in 0.45 s.
INFO (IPF047): 0.0.Ht: The cover property "rvfi_testbench.checker_inst.mem_wdata_match_prop:precondition1" was covered in 6 cycles in 0.45 s.
INFO (IPF047): 0.0.Ht: The cover property "rvfi_testbench.checker_inst.trap_match_prop:precondition1" was covered in 6 cycles in 0.45 s.
0.0.Ht: A trace with 6 cycles was found. [0.19 s]
INFO (IPF047): 0.0.Ht: The cover property "rvfi_testbench.checker_inst.rs1_addr_0_data_0_prop:precondition1" was covered in 6 cycles in 0.49 s.
0.0.Ht: Requesting engine job to terminate
INFO (IPF144): 0: Initiating shutdown of proof [0.22 s]
0: ProofGrid is temporarily paused because there are too many pending traces.
0: ProofGrid is resuming to work after pausing for 0s. The amount of pending traces decreased.
0.0.Ht: A trace with 6 cycles was found. [0.20 s]
INFO (IPF047): 0.0.Ht: The cover property "rvfi_testbench.checker_inst.rs2_addr_match_prop:precondition1" was covered in 6 cycles in 0.54 s.
0: ProofGrid is temporarily paused because there are too many pending traces.
0: ProofGrid is resuming to work after pausing for 0s. The amount of pending traces decreased.
0.0.Ht: All properties either determined or skipped. [0.21 s]
0.0.Ht: Exited with Success (@ 0.57 s)
0: ProofGrid usable level: 0
0: --------------------------------------------------------------
ProofGrid Summary (utilization 63.54 %)
--------------------------------------------------------------
     engines started                               :     1
     engine jobs started                           :     1

    Average time in state (seconds)
    ------------------------------------------------------
    Engine  Pending     Running        Dead    Utilization
    ------------------------------------------------------
     Ht        0.12        0.21        0.00       63.54 %
    all        0.12        0.21        0.00       63.54 %

    Total time in state (seconds)
    -----------------------------------------
            Pending     Running        Dead  
    -----------------------------------------
               0.12        0.21        0.00

    Data read    : 261.56 kiB
    Data written : 972.00 B

0: All pending notifications were processed.
INFO (IPF059): 0: Completed proof on task: "<embedded>"

==============================================================
SUMMARY
==============================================================
           Properties Considered              : 29
                 assertions                   : 10
                  - proven                    : 0 (0%)
                  - bounded_proven (user)     : 0 (0%)
                  - bounded_proven (auto)     : 0 (0%)
                  - marked_proven             : 0 (0%)
                  - cex                       : 0 (0%)
                  - ar_cex                    : 0 (0%)
                  - undetermined              : 0 (0%)
                  - unknown                   : 10 (100%)
                  - error                     : 0 (0%)
                 covers                       : 19
                  - unreachable               : 0 (0%)
                  - bounded_unreachable (user): 0 (0%)
                  - covered                   : 19 (100%)
                  - ar_covered                : 0 (0%)
                  - undetermined              : 0 (0%)
                  - unknown                   : 0 (0%)
                  - error                     : 0 (0%)
covered
[<embedded>] % load_radix_file radix.txt
[<embedded>] % set_engine_mode {I N}
[<embedded>] % prove -all -assert
INFO (IPF036): Starting proof on task: "<embedded>", 10 properties to prove with 0 already proven/unreachable
INFO (IPF031): Settings used for proof thread 1:
    orchestration                 = off (auto)
    time_limit                    = 86400s
    per_property_time_limit       = 1s * 10 ^ scan
    engine_mode                   = I N 
    proofgrid_per_engine_max_jobs = 1
    max engine jobs               = I N, total 2
    proofgrid_mode                = local
    proofgrid_restarts            = 10
1: Using multistage preprocessing
1: Starting reduce
1: Finished reduce in 0.097s
1.0.PRE: Performing Proof Simplification...
1.0.I: clocks: 1, declared: 1, looping: 0, posedge: 1, negedge: 0, noedge: 0, bothedge: 0
1.0.I: Proof Simplification Iteration 1	[0.00 s]
1.0.I: Proof Simplification Iteration 2	[0.04 s]
1.0.I: Proof Simplification Iteration 3	[0.07 s]
1.0.I: Proof Simplification Iteration 4	[0.09 s]
1.0.I: Proof Simplification Iteration 5	[0.11 s]
1.0.I: Proof Simplification Iteration 6	[0.14 s]
1.0.PRE: Proof Simplification completed in 0.21 s
1: About to start ProofGrid in its own thread with a limit of 10000 pending notifications and a limit of 10 traces.
1: =============================== ProofGrid start ===============================
1: ProofGrid usable level: 10
1: Initial ProofGrid level: 1
1: ProofGrid is starting event handling
1.0.N: caddy15.stanford.edu: "Rocky Linux 8.10 (Green Obsidian)" is an unsupported operating system.
1.0.I: caddy15.stanford.edu: "Rocky Linux 8.10 (Green Obsidian)" is an unsupported operating system.
1.0.N: Proofgrid shell started at 1017276@caddy15.stanford.edu(local) jg_1017159_caddy15.stanford.edu_2
1.0.I: Proofgrid shell started at 1017275@caddy15.stanford.edu(local) jg_1017159_caddy15.stanford.edu_2
1.0.N: clocks: 1, declared: 1, looping: 0, posedge: 1, negedge: 0, noedge: 0, bothedge: 0
1.0.I: clocks: 1, declared: 1, looping: 0, posedge: 1, negedge: 0, noedge: 0, bothedge: 0
1.0.N: Next scan (0) will use per property time limit: 1s * 10 ^ 0 = 1s
1.0.N: Starting proof for property "rvfi_testbench.checker_inst.rs1_addr_0_data_0_prop"	[0.00 s].
1.0.I: Next scan (0) will use per property time limit: 1s * 10 ^ 0 = 1s
1.0.I: Starting proof for property "rvfi_testbench.checker_inst.rs1_addr_0_data_0_prop"	[0.00 s].
1.0.N: Trace Attempt  1	[0.01 s]
1.0.I: Trace Attempt  1	[0.01 s]
1.0.N: Trace Attempt  2	[0.02 s]
1.0.N: Trace Attempt  3	[0.02 s]
1.0.I: Trace Attempt  2	[0.02 s]
1.0.I: Trace Attempt  3	[0.02 s]
1.0.I: Trace Attempt  2	[0.06 s]
1.0.I: Trace Attempt  3	[0.08 s]
1.0.I: Trace Attempt  4	[0.08 s]
1.0.N: Trace Attempt  3	[0.10 s]
1.0.N: Trace Attempt  4	[0.14 s]
1.0.I: Trace Attempt  3	[0.15 s]
1.0.I: Trace Attempt  4	[0.19 s]
1.0.N: Trace Attempt  4	[0.26 s]
1.0.I: Trace Attempt  4	[0.30 s]
1.0.N: Trace Attempt  5	[0.41 s]
1.0.I: Trace Attempt  5	[0.45 s]
1.0.N: Trace Attempt  5	[0.56 s]
1.0.I: Trace Attempt  5	[0.59 s]
1.0.N: Trace Attempt  6	[0.96 s]
1.0.N: Per property time limit expired (1.00 s) [1.07 s]
1.0.N: Stopped processing property "rvfi_testbench.checker_inst.rs1_addr_0_data_0_prop"	[1.07 s].
1.0.N: Starting proof for property "rvfi_testbench.checker_inst.rs2_addr_0_data_0_prop"	[0.00 s].
1.0.I: Trace Attempt  6	[0.96 s]
1.0.I: Per property time limit expired (1.00 s) [1.08 s]
1.0.I: Stopped processing property "rvfi_testbench.checker_inst.rs1_addr_0_data_0_prop"	[1.08 s].
1.0.I: Starting proof for property "rvfi_testbench.checker_inst.rs2_addr_0_data_0_prop"	[0.00 s].
1.0.N: Trace Attempt  1	[0.01 s]
1.0.I: Trace Attempt  1	[0.01 s]
1.0.N: Trace Attempt  2	[0.02 s]
1.0.N: Trace Attempt  3	[0.02 s]
1.0.I: Trace Attempt  2	[0.01 s]
1.0.I: Trace Attempt  2	[0.04 s]
1.0.I: Trace Attempt  3	[0.06 s]
1.0.I: Trace Attempt  4	[0.06 s]
1.0.N: Trace Attempt  3	[0.08 s]
1.0.N: Trace Attempt  4	[0.11 s]
1.0.I: Trace Attempt  3	[0.12 s]
1.0.I: Trace Attempt  4	[0.15 s]
1.0.N: Trace Attempt  4	[0.22 s]
1.0.I: Trace Attempt  4	[0.25 s]
1.0.N: Trace Attempt  5	[0.35 s]
1.0.I: Trace Attempt  5	[0.38 s]
1.0.N: Trace Attempt  5	[0.51 s]
1.0.I: Trace Attempt  5	[0.51 s]
1.0.N: Trace Attempt  6	[0.91 s]
1.0.N: Per property time limit expired (1.00 s) [1.03 s]
1.0.N: Stopped processing property "rvfi_testbench.checker_inst.rs2_addr_0_data_0_prop"	[1.03 s].
1.0.N: Starting proof for property "rvfi_testbench.checker_inst.rs1_addr_match_prop"	[0.00 s].
1.0.I: Trace Attempt  6	[0.89 s]
1.0.I: Per property time limit expired (1.00 s) [1.03 s]
1.0.I: Stopped processing property "rvfi_testbench.checker_inst.rs2_addr_0_data_0_prop"	[1.03 s].
1.0.I: Starting proof for property "rvfi_testbench.checker_inst.rs1_addr_match_prop"	[0.00 s].
1.0.N: Trace Attempt  1	[0.01 s]
1.0.I: Trace Attempt  1	[0.01 s]
1.0.N: Trace Attempt  2	[0.01 s]
1.0.N: Trace Attempt  3	[0.01 s]
1.0.I: Trace Attempt  2	[0.01 s]
1.0.I: Trace Attempt  2	[0.04 s]
1.0.I: Trace Attempt  3	[0.06 s]
1.0.I: Trace Attempt  4	[0.06 s]
1.0.N: Trace Attempt  3	[0.08 s]
1.0.N: Trace Attempt  4	[0.11 s]
1.0.I: Trace Attempt  3	[0.12 s]
1.0.I: Trace Attempt  4	[0.15 s]
1.0.N: Trace Attempt  4	[0.21 s]
1.0.I: Trace Attempt  4	[0.24 s]
1.0.N: Trace Attempt  5	[0.34 s]
1.0.I: Trace Attempt  5	[0.36 s]
1.0.N: Trace Attempt  5	[0.48 s]
1.0.I: Trace Attempt  5	[0.48 s]
1.0.N: Trace Attempt  6	[0.81 s]
1.0.N: Per property time limit expired (1.00 s) [1.03 s]
1.0.N: Stopped processing property "rvfi_testbench.checker_inst.rs1_addr_match_prop"	[1.04 s].
1.0.N: Starting proof for property "rvfi_testbench.checker_inst.rs2_addr_match_prop"	[0.00 s].
1.0.N: Trace Attempt  1	[0.01 s]
1.0.N: Trace Attempt  2	[0.01 s]
1.0.N: Trace Attempt  3	[0.01 s]
1.0.I: Trace Attempt  7	[1.05 s]
1.0.I: Stopped processing property "rvfi_testbench.checker_inst.rs1_addr_match_prop"	[1.05 s].
1.0.I: Starting proof for property "rvfi_testbench.checker_inst.rs2_addr_match_prop"	[0.00 s].
1.0.I: Trace Attempt  2	[0.03 s]
1.0.I: Trace Attempt  3	[0.05 s]
1.0.I: Trace Attempt  4	[0.05 s]
1.0.N: Trace Attempt  3	[0.07 s]
1.0.N: Trace Attempt  4	[0.10 s]
1.0.I: Trace Attempt  3	[0.10 s]
1.0.I: Trace Attempt  4	[0.13 s]
1.0.N: Trace Attempt  4	[0.21 s]
1.0.I: Trace Attempt  4	[0.22 s]
1.0.N: Trace Attempt  5	[0.35 s]
1.0.I: Trace Attempt  5	[0.34 s]
1.0.I: Trace Attempt  5	[0.46 s]
1.0.N: Trace Attempt  5	[0.49 s]
1.0.I: Trace Attempt  7	[1.01 s]
1.0.I: Per property time limit expired (1.00 s) [1.01 s]
1.0.I: Stopped processing property "rvfi_testbench.checker_inst.rs2_addr_match_prop"	[1.01 s].
1.0.I: Starting proof for property "rvfi_testbench.checker_inst.rd_addr_match_prop"	[0.00 s].
1.0.I: Trace Attempt  1	[0.01 s]
1.0.I: Trace Attempt  2	[0.01 s]
1.0.I: Trace Attempt  3	[0.01 s]
1.0.I: Trace Attempt  2	[0.04 s]
1.0.I: Trace Attempt  3	[0.06 s]
1.0.N: Trace Attempt  7	[1.09 s]
1.0.N: Stopped processing property "rvfi_testbench.checker_inst.rs2_addr_match_prop"	[1.09 s].
1.0.N: Starting proof for property "rvfi_testbench.checker_inst.rd_addr_match_prop"	[0.00 s].
1.0.I: Trace Attempt  4	[0.06 s]
1.0.I: Trace Attempt  3	[0.12 s]
1.0.I: Trace Attempt  4	[0.15 s]
1.0.N: Trace Attempt  4	[0.11 s]
1.0.I: Trace Attempt  4	[0.25 s]
1.0.N: Trace Attempt  5	[0.24 s]
1.0.N: Trace Attempt  5	[0.38 s]
1.0.I: Trace Attempt  5	[0.45 s]
1.0.I: Trace Attempt  7	[1.05 s]
1.0.I: Per property time limit expired (1.00 s) [1.05 s]
1.0.I: Stopped processing property "rvfi_testbench.checker_inst.rd_addr_match_prop"	[1.05 s].
1.0.I: Starting proof for property "rvfi_testbench.checker_inst.rd_wdata_match_prop"	[0.00 s].
1.0.N: Trace Attempt  7	[0.99 s]
1.0.N: Stopped processing property "rvfi_testbench.checker_inst.rd_addr_match_prop"	[1.00 s].
1.0.N: Starting proof for property "rvfi_testbench.checker_inst.rd_wdata_match_prop"	[0.00 s].
1.0.I: Trace Attempt  1	[0.01 s]
1.0.N: Trace Attempt  1	[0.01 s]
1.0.I: Trace Attempt  2	[0.02 s]
1.0.I: Trace Attempt  3	[0.02 s]
1.0.N: Trace Attempt  2	[0.01 s]
1.0.I: Trace Attempt  2	[0.05 s]
1.0.I: Trace Attempt  3	[0.06 s]
1.0.I: Trace Attempt  4	[0.06 s]
1.0.N: Trace Attempt  3	[0.07 s]
1.0.N: Trace Attempt  4	[0.10 s]
1.0.I: Trace Attempt  3	[0.12 s]
1.0.I: Trace Attempt  4	[0.16 s]
1.0.N: Trace Attempt  4	[0.20 s]
1.0.I: Trace Attempt  4	[0.26 s]
1.0.N: Trace Attempt  5	[0.32 s]
1.0.I: Trace Attempt  5	[0.39 s]
1.0.N: Trace Attempt  5	[0.46 s]
1.0.I: Trace Attempt  5	[0.51 s]
1.0.N: Trace Attempt  6	[0.82 s]
1.0.N: A trace with 6 cycles was found. [0.94 s]
INFO (IPF055): 1.0.N: A counterexample (cex) with 6 cycles was found for the property "rvfi_testbench.checker_inst.rd_wdata_match_prop" in 0.98 s.
1: ProofGrid usable level: 9
1.0.N: Stopped processing property "rvfi_testbench.checker_inst.rd_wdata_match_prop"	[1.01 s].
1.0.N: Starting proof for property "rvfi_testbench.checker_inst.pc_wdata_match_prop"	[0.00 s].
1.0.N: Trace Attempt  1	[0.01 s]
1.0.N: Trace Attempt  2	[0.01 s]
1.0.N: Trace Attempt  3	[0.01 s]
1.0.I: Trace Attempt  6	[0.86 s]
1.0.I: Stopped processing property "rvfi_testbench.checker_inst.rd_wdata_match_prop"	[1.02 s].
1.0.I: Starting proof for property "rvfi_testbench.checker_inst.pc_wdata_match_prop"	[0.00 s].
1.0.I: Trace Attempt  2	[0.04 s]
1.0.N: Trace Attempt  3	[0.08 s]
1.0.I: Trace Attempt  3	[0.05 s]
1.0.I: Trace Attempt  4	[0.05 s]
1.0.N: Trace Attempt  4	[0.10 s]
1.0.I: Trace Attempt  4	[0.18 s]
1.0.N: Trace Attempt  4	[0.21 s]
1.0.N: Trace Attempt  5	[0.34 s]
1.0.I: Trace Attempt  5	[0.31 s]
1.0.I: Trace Attempt  5	[0.45 s]
1.0.N: Trace Attempt  5	[0.48 s]
1.0.N: Trace Attempt  6	[0.82 s]
1.0.N: Per property time limit expired (1.00 s) [1.04 s]
1.0.N: Stopped processing property "rvfi_testbench.checker_inst.pc_wdata_match_prop"	[0.98 s].
1.0.N: Starting proof for property "rvfi_testbench.checker_inst.mem_addr_match_prop"	[0.00 s].
1.0.N: Trace Attempt  1	[0.01 s]
1.0.N: Trace Attempt  2	[0.02 s]
1.0.N: Trace Attempt  3	[0.02 s]
1.0.I: Trace Attempt  6	[0.79 s]
1.0.I: Per property time limit expired (1.00 s) [1.03 s]
1.0.I: Stopped processing property "rvfi_testbench.checker_inst.pc_wdata_match_prop"	[1.00 s].
1.0.I: Starting proof for property "rvfi_testbench.checker_inst.mem_addr_match_prop"	[0.00 s].
1.0.I: Trace Attempt  2	[0.03 s]
1.0.I: Trace Attempt  3	[0.05 s]
1.0.I: Trace Attempt  4	[0.05 s]
1.0.N: Trace Attempt  3	[0.08 s]
1.0.N: Trace Attempt  4	[0.11 s]
1.0.I: Trace Attempt  3	[0.11 s]
1.0.I: Trace Attempt  4	[0.14 s]
1.0.N: Trace Attempt  4	[0.22 s]
1.0.I: Trace Attempt  4	[0.24 s]
1.0.N: Trace Attempt  5	[0.35 s]
1.0.I: Trace Attempt  5	[0.36 s]
1.0.N: Trace Attempt  5	[0.50 s]
1.0.I: Trace Attempt  5	[0.49 s]
1.0.N: Trace Attempt  6	[0.84 s]
1.0.N: Per property time limit expired (1.00 s) [1.05 s]
1.0.N: Stopped processing property "rvfi_testbench.checker_inst.mem_addr_match_prop"	[1.05 s].
1.0.N: Starting proof for property "rvfi_testbench.checker_inst.mem_wdata_match_prop"	[0.00 s].
1.0.N: Trace Attempt  1	[0.01 s]
1.0.N: Trace Attempt  2	[0.02 s]
1.0.N: Trace Attempt  3	[0.02 s]
1.0.N: Trace Attempt  3	[0.08 s]
1.0.I: Trace Attempt  7	[1.12 s]
1.0.I: Stopped processing property "rvfi_testbench.checker_inst.mem_addr_match_prop"	[1.13 s].
1.0.I: Starting proof for property "rvfi_testbench.checker_inst.mem_wdata_match_prop"	[0.00 s].
1.0.N: Trace Attempt  4	[0.12 s]
1.0.I: Trace Attempt  2	[0.03 s]
1.0.I: Trace Attempt  3	[0.05 s]
1.0.N: Trace Attempt  4	[0.23 s]
1.0.I: Trace Attempt  4	[0.15 s]
1.0.N: Trace Attempt  5	[0.36 s]
1.0.I: Trace Attempt  5	[0.27 s]
1.0.I: Trace Attempt  5	[0.40 s]
1.0.N: Trace Attempt  5	[0.51 s]
1.0.N: Trace Attempt  6	[0.87 s]
1.0.N: Per property time limit expired (1.00 s) [1.03 s]
1.0.N: Stopped processing property "rvfi_testbench.checker_inst.mem_wdata_match_prop"	[1.03 s].
1.0.N: Starting proof for property "rvfi_testbench.checker_inst.trap_match_prop"	[0.00 s].
1.0.N: Trace Attempt  1	[0.01 s]
1.0.N: Trace Attempt  2	[0.02 s]
1.0.N: Trace Attempt  3	[0.02 s]
1.0.N: A proof was found: No trace exists. [0.02 s]
INFO (IPF057): 1.0.N: The property "rvfi_testbench.checker_inst.trap_match_prop" was proven in 0.02 s.
1.0.N: Stopped processing property "rvfi_testbench.checker_inst.trap_match_prop"	[0.02 s].
1.0.N: Next scan (1) will use per property time limit: 1s * 10 ^ 1 = 10s
1.0.N: Starting proof for property "rvfi_testbench.checker_inst.rs1_addr_0_data_0_prop"	[0.00 s].
1.0.I: Trace Attempt  6	[0.73 s]
1.0.I: Stopped processing property "rvfi_testbench.checker_inst.mem_wdata_match_prop"	[0.97 s].
1.0.I: Next scan (1) will use per property time limit: 1s * 10 ^ 1 = 10s
1.0.I: Starting proof for property "rvfi_testbench.checker_inst.rs1_addr_0_data_0_prop"	[0.00 s].
1.0.I: Trace Attempt  6	[0.14 s]
1: ProofGrid usable level: 8
1.0.I: Trace Attempt  1	[1.45 s]
1.0.I: Trace Attempt  2	[1.47 s]
1.0.N: Trace Attempt  1	[1.49 s]
1.0.I: Trace Attempt  3	[1.55 s]
1.0.N: Trace Attempt  2	[1.59 s]
1.0.N: Trace Attempt  3	[1.60 s]
1.0.I: Trace Attempt  4	[1.68 s]
1.0.N: Trace Attempt  4	[1.86 s]
1.0.N: Trace Attempt  5	[2.81 s]
1.0.N: Trace Attempt  6	[5.46 s]
1.0.N: Per property time limit expired (10.00 s) [10.02 s]
1.0.N: Stopped processing property "rvfi_testbench.checker_inst.rs1_addr_0_data_0_prop"	[10.02 s].
1.0.N: Starting proof for property "rvfi_testbench.checker_inst.rs2_addr_0_data_0_prop"	[0.00 s].
1.0.I: Trace Attempt 13	[5.56 s]
1.0.I: Per property time limit expired (10.00 s) [10.04 s]
1.0.I: Stopped processing property "rvfi_testbench.checker_inst.rs1_addr_0_data_0_prop"	[10.04 s].
1.0.I: Starting proof for property "rvfi_testbench.checker_inst.rs2_addr_0_data_0_prop"	[0.00 s].
1.0.N: Trace Attempt  6	[0.16 s]
1.0.I: Trace Attempt  6	[0.15 s]
1.0.I: Trace Attempt  1	[1.45 s]
1.0.I: Trace Attempt  2	[1.47 s]
1.0.I: Trace Attempt  3	[1.54 s]
1.0.I: Trace Attempt  4	[1.65 s]
1.0.N: Trace Attempt  1	[1.91 s]
1.0.N: Trace Attempt  2	[2.00 s]
1.0.N: Trace Attempt  3	[2.01 s]
1.0.N: Trace Attempt  4	[2.17 s]
1.0.N: Trace Attempt  5	[2.26 s]
1.0.N: Trace Attempt  6	[5.86 s]
1.0.N: Per property time limit expired (10.00 s) [10.02 s]
1.0.N: Stopped processing property "rvfi_testbench.checker_inst.rs2_addr_0_data_0_prop"	[10.02 s].
1.0.N: Starting proof for property "rvfi_testbench.checker_inst.rs1_addr_match_prop"	[0.00 s].
1.0.I: Trace Attempt 10	[3.84 s]
1.0.I: Stopped processing property "rvfi_testbench.checker_inst.rs2_addr_0_data_0_prop"	[10.01 s].
1.0.I: Starting proof for property "rvfi_testbench.checker_inst.rs1_addr_match_prop"	[0.00 s].
1.0.I: Trace Attempt  6	[0.15 s]
1.0.N: Trace Attempt  6	[0.17 s]
1.0.I: Trace Attempt  1	[2.77 s]
1.0.I: Trace Attempt  2	[2.79 s]
1.0.I: Trace Attempt  3	[2.87 s]
1.0.I: Trace Attempt  5	[3.08 s]
1.0.N: Trace Attempt  1	[4.54 s]
1.0.N: Trace Attempt  2	[4.59 s]
1.0.N: Trace Attempt  3	[4.60 s]
1.0.N: Trace Attempt  4	[4.70 s]
1.0.N: Trace Attempt  5	[4.88 s]
1.0.N: Trace Attempt  7	[8.38 s]
1.0.N: Per property time limit expired (10.00 s) [10.01 s]
1.0.N: Stopped processing property "rvfi_testbench.checker_inst.rs1_addr_match_prop"	[10.01 s].
1.0.N: Starting proof for property "rvfi_testbench.checker_inst.rs2_addr_match_prop"	[0.00 s].
1.0.I: Trace Attempt 10	[5.08 s]
1.0.I: Stopped processing property "rvfi_testbench.checker_inst.rs1_addr_match_prop"	[10.02 s].
1.0.I: Starting proof for property "rvfi_testbench.checker_inst.rs2_addr_match_prop"	[0.00 s].
1.0.N: Trace Attempt  6	[0.17 s]
1.0.I: Trace Attempt  6	[0.15 s]
1.0.I: Trace Attempt 15	[4.25 s]
1.0.N: Trace Attempt  1	[4.34 s]
1.0.N: Trace Attempt  2	[4.39 s]
1.0.N: Trace Attempt  3	[4.40 s]
1.0.N: Trace Attempt  4	[4.54 s]
1.0.I: Trace Attempt  1	[4.53 s]
1.0.I: Trace Attempt  2	[4.54 s]
1.0.I: Trace Attempt  3	[4.58 s]
1.0.I: Trace Attempt  5	[4.67 s]
1.0.N: Trace Attempt  5	[4.82 s]
1.0.N: Trace Attempt  9	[9.92 s]
1.0.N: Per property time limit expired (10.00 s) [10.02 s]
1.0.N: Stopped processing property "rvfi_testbench.checker_inst.rs2_addr_match_prop"	[10.02 s].
1.0.N: Starting proof for property "rvfi_testbench.checker_inst.rd_addr_match_prop"	[0.00 s].
1.0.I: Trace Attempt 10	[5.82 s]
1.0.I: Stopped processing property "rvfi_testbench.checker_inst.rs2_addr_match_prop"	[10.00 s].
1.0.I: Starting proof for property "rvfi_testbench.checker_inst.rd_addr_match_prop"	[0.00 s].
1.0.I: Trace Attempt  6	[0.15 s]
1.0.I: Trace Attempt  1	[2.06 s]
1.0.I: Trace Attempt  2	[2.07 s]
1.0.I: Trace Attempt  3	[2.10 s]
1.0.I: Trace Attempt  4	[2.15 s]
1.0.N: Trace Attempt  1	[2.34 s]
1.0.N: Trace Attempt  2	[2.38 s]
1.0.N: Trace Attempt  3	[2.39 s]
1.0.N: Trace Attempt  4	[2.50 s]
1.0.N: Trace Attempt  5	[2.59 s]
1.0.N: Trace Attempt 11	[8.49 s]
1.0.N: Validation of fixpoint was successful. Time = 0.02
1.0.N: A proof was found: No trace exists. [9.34 s]
INFO (IPF057): 1.0.N: The property "rvfi_testbench.checker_inst.rd_addr_match_prop" was proven in 9.34 s.
1.0.N: Stopped processing property "rvfi_testbench.checker_inst.rd_addr_match_prop"	[9.34 s].
1.0.N: Starting proof for property "rvfi_testbench.checker_inst.pc_wdata_match_prop"	[0.00 s].
1.0.I: Trace Attempt 10	[2.90 s]
1.0.I: Stopped processing property "rvfi_testbench.checker_inst.rd_addr_match_prop"	[9.34 s].
1.0.I: Starting proof for property "rvfi_testbench.checker_inst.pc_wdata_match_prop"	[0.00 s].
1.0.I: Trace Attempt  6	[0.15 s]
1: ProofGrid usable level: 7
1.0.I: Trace Attempt 10	[4.38 s]
1.0.N: Trace Attempt  1	[8.12 s]
1.0.N: Trace Attempt  2	[8.22 s]
1.0.N: Trace Attempt  3	[8.24 s]
1.0.I: Trace Attempt  1	[8.25 s]
1.0.I: Trace Attempt  2	[8.27 s]
1.0.I: Trace Attempt  3	[8.36 s]
1.0.N: Trace Attempt  4	[8.48 s]
1.0.I: Trace Attempt  4	[8.48 s]
1.0.N: Trace Attempt  5	[8.74 s]
1.0.N: Per property time limit expired (10.00 s) [10.02 s]
1.0.N: Stopped processing property "rvfi_testbench.checker_inst.pc_wdata_match_prop"	[10.02 s].
1.0.N: Starting proof for property "rvfi_testbench.checker_inst.mem_addr_match_prop"	[0.00 s].
1.0.I: Trace Attempt  9	[9.97 s]
1.0.I: Stopped processing property "rvfi_testbench.checker_inst.pc_wdata_match_prop"	[10.04 s].
1.0.I: Starting proof for property "rvfi_testbench.checker_inst.mem_addr_match_prop"	[0.00 s].
1.0.I: Trace Attempt  6	[0.16 s]
1.0.N: Trace Attempt  1	[4.16 s]
1.0.N: Trace Attempt  2	[4.28 s]
1.0.N: Trace Attempt  3	[4.29 s]
1.0.I: Trace Attempt  9	[4.33 s]
1.0.I: Trace Attempt  1	[4.50 s]
1.0.I: Trace Attempt  2	[4.53 s]
1.0.I: Trace Attempt  3	[4.61 s]
1.0.I: Trace Attempt  4	[4.74 s]
1.0.N: Trace Attempt  4	[5.29 s]
1.0.N: Trace Attempt  5	[5.74 s]
1.0.N: Trace Attempt  6	[8.60 s]
1.0.N: Per property time limit expired (10.00 s) [10.02 s]
1.0.N: Stopped processing property "rvfi_testbench.checker_inst.mem_addr_match_prop"	[10.03 s].
1.0.N: Starting proof for property "rvfi_testbench.checker_inst.mem_wdata_match_prop"	[0.00 s].
1.0.I: Trace Attempt  8	[6.59 s]
1.0.I: Stopped processing property "rvfi_testbench.checker_inst.mem_addr_match_prop"	[10.09 s].
1.0.I: Starting proof for property "rvfi_testbench.checker_inst.mem_wdata_match_prop"	[0.00 s].
1.0.N: Trace Attempt  6	[0.17 s]
1.0.I: Trace Attempt  6	[0.15 s]
1.0.I: Trace Attempt  1	[3.17 s]
1.0.I: Trace Attempt  2	[3.19 s]
1.0.I: Trace Attempt  3	[3.28 s]
1.0.I: Trace Attempt  4	[3.40 s]
1.0.N: Trace Attempt  1	[3.54 s]
1.0.N: Trace Attempt  2	[3.65 s]
1.0.N: Trace Attempt  3	[3.66 s]
1.0.N: Trace Attempt  4	[3.96 s]
1.0.N: Trace Attempt  5	[4.41 s]
1.0.I: Trace Attempt 10	[7.85 s]
1.0.N: Trace Attempt 10	[8.86 s]
1.0.N: Per property time limit expired (10.00 s) [10.06 s]
1.0.N: Stopped processing property "rvfi_testbench.checker_inst.mem_wdata_match_prop"	[10.06 s].
1.0.N: Next scan (2) will use per property time limit: 1s * 10 ^ 2 = 100s
1.0.N: Starting proof for property "rvfi_testbench.checker_inst.rs1_addr_0_data_0_prop"	[0.00 s].
1.0.I: Trace Attempt  9	[8.72 s]
1.0.I: Stopped processing property "rvfi_testbench.checker_inst.mem_wdata_match_prop"	[10.02 s].
1.0.I: Next scan (2) will use per property time limit: 1s * 10 ^ 2 = 100s
1.0.I: Starting proof for property "rvfi_testbench.checker_inst.rs1_addr_0_data_0_prop"	[0.00 s].
1.0.I: Trace Attempt  7	[0.17 s]
1.0.I: Trace Attempt  1	[0.97 s]
1.0.I: Trace Attempt  2	[0.99 s]
1.0.N: Trace Attempt  1	[1.06 s]
1.0.I: Trace Attempt  3	[1.07 s]
1.0.N: Trace Attempt  2	[1.16 s]
1.0.N: Trace Attempt  3	[1.17 s]
1.0.I: Trace Attempt  4	[1.19 s]
1.0.N: Trace Attempt  4	[2.12 s]
1.0.N: Trace Attempt  5	[2.69 s]
1.0.N: Trace Attempt  7	[10.74 s]
1.0.N: Trace Attempt  8	[16.30 s]
1.0.N: Trace Attempt  9	[22.45 s]
1.0.N: Validation of fixpoint was successful. Time = 0.04
1.0.N: A proof was found: No trace exists. [23.63 s]
INFO (IPF057): 1.0.N: The property "rvfi_testbench.checker_inst.rs1_addr_0_data_0_prop" was proven in 23.63 s.
1.0.N: Stopped processing property "rvfi_testbench.checker_inst.rs1_addr_0_data_0_prop"	[23.63 s].
1.0.N: Starting proof for property "rvfi_testbench.checker_inst.rs2_addr_0_data_0_prop"	[0.00 s].
1.0.I: Trace Attempt 13	[5.08 s]
1.0.I: Stopped processing property "rvfi_testbench.checker_inst.rs1_addr_0_data_0_prop"	[23.63 s].
1.0.I: Starting proof for property "rvfi_testbench.checker_inst.rs2_addr_0_data_0_prop"	[0.00 s].
1.0.I: Trace Attempt  7	[0.17 s]
1: ProofGrid usable level: 6
1.0.I: Trace Attempt  1	[0.96 s]
1.0.I: Trace Attempt  2	[0.98 s]
1.0.I: Trace Attempt  3	[1.07 s]
1.0.I: Trace Attempt  4	[1.18 s]
1.0.N: Trace Attempt  1	[1.57 s]
1.0.N: Trace Attempt  2	[1.67 s]
1.0.N: Trace Attempt  3	[1.68 s]
1.0.N: Trace Attempt  4	[2.06 s]
1.0.N: Trace Attempt  5	[3.17 s]
1.0.N: Trace Attempt  6	[12.68 s]
1.0.N: Trace Attempt  7	[25.60 s]
1.0.N: Trace Attempt  8	[33.40 s]
1.0.N: Validation of fixpoint was successful. Time = 0.04
1.0.N: A proof was found: No trace exists. [34.44 s]
INFO (IPF057): 1.0.N: The property "rvfi_testbench.checker_inst.rs2_addr_0_data_0_prop" was proven in 34.44 s.
1.0.N: Stopped processing property "rvfi_testbench.checker_inst.rs2_addr_0_data_0_prop"	[34.44 s].
1.0.N: Starting proof for property "rvfi_testbench.checker_inst.rs1_addr_match_prop"	[0.00 s].
1.0.I: Trace Attempt 10	[3.36 s]
1.0.I: Stopped processing property "rvfi_testbench.checker_inst.rs2_addr_0_data_0_prop"	[34.42 s].
1.0.I: Starting proof for property "rvfi_testbench.checker_inst.rs1_addr_match_prop"	[0.00 s].
1.0.I: Trace Attempt  8	[0.19 s]
1: ProofGrid usable level: 5
1.0.N: Trace Attempt  1	[1.59 s]
1.0.I: Trace Attempt  1	[1.60 s]
1.0.I: Trace Attempt  2	[1.62 s]
1.0.N: Trace Attempt  2	[1.69 s]
1.0.N: Trace Attempt  3	[1.71 s]
1.0.I: Trace Attempt  3	[1.71 s]
1.0.N: Trace Attempt  4	[1.81 s]
1.0.I: Trace Attempt  5	[1.92 s]
1.0.N: Trace Attempt  5	[2.08 s]
1.0.N: Trace Attempt  7	[9.93 s]
1.0.N: Trace Attempt  8	[17.29 s]
1.0.N: Trace Attempt  9	[27.30 s]
1.0.N: Trace Attempt 11	[35.66 s]
1.0.I: Trace Attempt  9	[38.00 s]
1.0.I: Trace Attempt  1	[40.55 s]
1.0.I: Trace Attempt  2	[40.57 s]
1.0.I: Trace Attempt  3	[40.65 s]
1.0.I: Trace Attempt  5	[40.84 s]
1.0.N: Trace Attempt 12	[47.88 s]
1.0.N: Trace Attempt  1	[48.28 s]
1.0.N: Trace Attempt  2	[48.38 s]
1.0.N: Trace Attempt  3	[48.40 s]
1.0.N: Trace Attempt  4	[48.71 s]
1.0.N: Trace Attempt  5	[49.33 s]
1.0.N: Trace Attempt  7	[61.95 s]
1.0.N: Trace Attempt  8	[76.52 s]
1.0.N: Trace Attempt  9	[86.32 s]
1.0.N: Trace Attempt 11	[92.55 s]
1.0.N: Validation of fixpoint was successful. Time = 0.07
1.0.N: A proof was found: No trace exists. [94.72 s]
INFO (IPF057): 1.0.N: The property "rvfi_testbench.checker_inst.rs1_addr_match_prop" was proven in 94.72 s.
1.0.N: Stopped processing property "rvfi_testbench.checker_inst.rs1_addr_match_prop"	[94.72 s].
1.0.N: Starting proof for property "rvfi_testbench.checker_inst.rs2_addr_match_prop"	[0.00 s].
1.0.I: Trace Attempt 10	[42.74 s]
1.0.I: Stopped processing property "rvfi_testbench.checker_inst.rs1_addr_match_prop"	[94.73 s].
1.0.I: Starting proof for property "rvfi_testbench.checker_inst.rs2_addr_match_prop"	[0.00 s].
1.0.I: Trace Attempt  8	[0.19 s]
1: ProofGrid usable level: 4
1.0.N: Trace Attempt  1	[3.29 s]
1.0.N: Trace Attempt  2	[3.34 s]
1.0.N: Trace Attempt  3	[3.35 s]
1.0.N: Trace Attempt  4	[3.45 s]
1.0.I: Trace Attempt  1	[3.44 s]
1.0.I: Trace Attempt  2	[3.45 s]
1.0.I: Trace Attempt  3	[3.49 s]
1.0.I: Trace Attempt  5	[3.59 s]
1.0.N: Trace Attempt  5	[3.93 s]
1.0.N: Trace Attempt  8	[8.73 s]
1.0.N: Validation of fixpoint was successful. Time = 0.02
1.0.N: Trace Attempt  9	[9.19 s]
1.0.N: A proof was found: No trace exists. [9.53 s]
INFO (IPF057): 1.0.N: The property "rvfi_testbench.checker_inst.rs2_addr_match_prop" was proven in 9.53 s.
1.0.N: Stopped processing property "rvfi_testbench.checker_inst.rs2_addr_match_prop"	[9.53 s].
1.0.N: Starting proof for property "rvfi_testbench.checker_inst.pc_wdata_match_prop"	[0.00 s].
1.0.I: Trace Attempt 10	[4.79 s]
1.0.I: Stopped processing property "rvfi_testbench.checker_inst.rs2_addr_match_prop"	[9.50 s].
1.0.I: Starting proof for property "rvfi_testbench.checker_inst.pc_wdata_match_prop"	[0.00 s].
1.0.I: Trace Attempt 10	[0.23 s]
1.0.N: Trace Attempt 10	[0.26 s]
1: ProofGrid usable level: 3
1.0.I: Trace Attempt  1	[4.07 s]
1.0.I: Trace Attempt  2	[4.09 s]
1.0.N: Trace Attempt  1	[4.18 s]
1.0.I: Trace Attempt  3	[4.18 s]
1.0.N: Trace Attempt  2	[4.27 s]
1.0.N: Trace Attempt  3	[4.28 s]
1.0.I: Trace Attempt  4	[4.31 s]
1.0.N: Trace Attempt  4	[4.47 s]
1.0.N: Trace Attempt  5	[4.72 s]
1.0.I: Trace Attempt 12	[11.36 s]
1.0.N: Trace Attempt  7	[11.73 s]
1.0.I: Trace Attempt 12	[18.65 s]
1.0.I: Trace Attempt  1	[19.00 s]
1.0.I: Trace Attempt  2	[19.02 s]
1.0.I: Trace Attempt  3	[19.11 s]
1.0.I: Trace Attempt  4	[19.25 s]
1.0.N: Trace Attempt 13	[24.48 s]
1.0.N: Trace Attempt  1	[24.87 s]
1.0.N: Trace Attempt  2	[24.97 s]
1.0.N: Trace Attempt  3	[24.99 s]
1.0.N: Trace Attempt  4	[25.14 s]
1.0.N: Trace Attempt  5	[25.45 s]
1.0.I: Trace Attempt 12	[28.44 s]
1.0.N: Trace Attempt  7	[40.05 s]
1.0.I: Trace Attempt 13	[45.51 s]
1.0.I: Trace Attempt  1	[45.89 s]
1.0.I: Trace Attempt  2	[45.91 s]
1.0.I: Trace Attempt  3	[46.00 s]
1.0.I: Trace Attempt  4	[46.14 s]
1.0.N: Trace Attempt  8	[48.33 s]
1.0.I: Trace Attempt 12	[55.48 s]
1.0.N: Trace Attempt  9	[57.91 s]
1.0.I: Trace Attempt 13	[69.01 s]
1.0.N: Trace Attempt 13	[70.83 s]
1.0.N: Trace Attempt 14	[90.44 s]
1.0.N: Trace Attempt  1	[90.83 s]
1.0.N: Trace Attempt  2	[90.93 s]
1.0.N: Trace Attempt  3	[90.94 s]
1.0.N: Trace Attempt  4	[91.17 s]
1.0.N: Trace Attempt  5	[91.37 s]
1.0.N: Trace Attempt  6	[93.18 s]
1.0.N: Per property time limit expired (100.00 s) [100.02 s]
1.0.N: Stopped processing property "rvfi_testbench.checker_inst.pc_wdata_match_prop"	[100.02 s].
1.0.N: Starting proof for property "rvfi_testbench.checker_inst.mem_addr_match_prop"	[0.00 s].
1.0.I: Trace Attempt 14	[100.07 s]
1.0.I: Stopped processing property "rvfi_testbench.checker_inst.pc_wdata_match_prop"	[100.09 s].
1.0.I: Starting proof for property "rvfi_testbench.checker_inst.mem_addr_match_prop"	[0.00 s].
1.0.N: Trace Attempt  8	[0.21 s]
1.0.N: Trace Attempt  1	[2.42 s]
1.0.N: Trace Attempt  2	[2.52 s]
1.0.N: Trace Attempt  3	[2.54 s]
1.0.N: Trace Attempt  4	[2.77 s]
1.0.N: Trace Attempt  5	[2.86 s]
1.0.I: Trace Attempt  1	[2.84 s]
1.0.I: Trace Attempt  2	[2.86 s]
1.0.I: Trace Attempt  3	[2.95 s]
1.0.I: Trace Attempt  4	[3.08 s]
1.0.I: Trace Attempt 10	[11.62 s]
1.0.N: Trace Attempt 10	[14.12 s]
1.0.I: Trace Attempt 10	[19.54 s]
1.0.I: Trace Attempt  1	[19.77 s]
1.0.I: Trace Attempt  2	[19.79 s]
1.0.I: Trace Attempt  3	[19.88 s]
1.0.I: Trace Attempt  5	[20.10 s]
1.0.N: Trace Attempt 11	[24.51 s]
1.0.N: Trace Attempt  1	[24.77 s]
1.0.N: Trace Attempt  2	[24.88 s]
1.0.N: Trace Attempt  3	[24.89 s]
1.0.N: Trace Attempt  4	[25.64 s]
1.0.N: Trace Attempt  5	[25.95 s]
1.0.I: Trace Attempt 11	[32.65 s]
1.0.I: Trace Attempt 10	[37.05 s]
1.0.I: Trace Attempt 11	[47.39 s]
1.0.I: Trace Attempt  1	[47.76 s]
1.0.I: Trace Attempt  2	[47.78 s]
1.0.I: Trace Attempt  3	[47.87 s]
1.0.I: Trace Attempt  5	[48.09 s]
1.0.I: Trace Attempt 10	[53.54 s]
1.0.N: Trace Attempt  7	[97.50 s]
1.0.N: Per property time limit expired (100.00 s) [100.03 s]
1.0.N: Stopped processing property "rvfi_testbench.checker_inst.mem_addr_match_prop"	[100.03 s].
1.0.N: Starting proof for property "rvfi_testbench.checker_inst.mem_wdata_match_prop"	[0.00 s].
1.0.I: Stopped processing property "rvfi_testbench.checker_inst.mem_addr_match_prop"	[99.99 s].
1.0.I: Starting proof for property "rvfi_testbench.checker_inst.mem_wdata_match_prop"	[0.00 s].
1.0.I: Trace Attempt  1	[3.55 s]
1.0.I: Trace Attempt  2	[3.57 s]
1.0.I: Trace Attempt  3	[3.66 s]
1.0.I: Trace Attempt  5	[3.87 s]
1.0.N: Trace Attempt  1	[6.96 s]
1.0.N: Trace Attempt  2	[7.06 s]
1.0.N: Trace Attempt  3	[7.07 s]
1.0.N: Trace Attempt  4	[8.02 s]
1.0.N: Trace Attempt  5	[8.95 s]
1.0.I: Trace Attempt 11	[11.71 s]
1.0.I: Trace Attempt 11	[17.91 s]
1.0.I: Trace Attempt  1	[18.22 s]
1.0.I: Trace Attempt  2	[18.23 s]
1.0.I: Trace Attempt  3	[18.32 s]
1.0.I: Trace Attempt  5	[18.51 s]
1.0.I: Trace Attempt 12	[29.01 s]
1.0.N: Trace Attempt  7	[32.66 s]
1.0.I: Trace Attempt 13	[48.62 s]
1.0.I: Trace Attempt 11	[58.82 s]
1.0.N: Trace Attempt 13	[58.93 s]
1.0.I: Trace Attempt 12	[69.88 s]
1.0.I: Trace Attempt  1	[70.28 s]
1.0.I: Trace Attempt  2	[70.30 s]
1.0.I: Trace Attempt  3	[70.39 s]
1.0.I: Trace Attempt  5	[70.59 s]
1.0.N: Per property time limit expired (100.00 s) [100.07 s]
1.0.N: Stopped processing property "rvfi_testbench.checker_inst.mem_wdata_match_prop"	[100.07 s].
1.0.N: Next scan (3) will use per property time limit: 1s * 10 ^ 3 = 1000s
1.0.N: Starting proof for property "rvfi_testbench.checker_inst.pc_wdata_match_prop"	[0.00 s].
1.0.I: Trace Attempt 10	[74.45 s]
1.0.I: Per property time limit expired (100.00 s) [100.04 s]
1.0.I: Stopped processing property "rvfi_testbench.checker_inst.mem_wdata_match_prop"	[100.04 s].
1.0.I: Next scan (3) will use per property time limit: 1s * 10 ^ 3 = 1000s
1.0.I: Starting proof for property "rvfi_testbench.checker_inst.pc_wdata_match_prop"	[0.00 s].
1.0.I: Trace Attempt 13	[0.30 s]
1.0.N: Trace Attempt  1	[19.85 s]
1.0.N: Trace Attempt  2	[19.94 s]
1.0.N: Trace Attempt  3	[19.96 s]
1.0.N: Trace Attempt  4	[20.20 s]
1.0.N: Trace Attempt  5	[20.40 s]
1.0.I: Trace Attempt 14	[24.78 s]
1.0.I: Trace Attempt  1	[25.11 s]
1.0.I: Trace Attempt  2	[25.13 s]
1.0.I: Trace Attempt  3	[25.23 s]
1.0.I: Trace Attempt  4	[25.37 s]
1.0.N: Trace Attempt  7	[32.47 s]
1.0.I: Trace Attempt 12	[34.01 s]
1.0.N: Trace Attempt  8	[43.58 s]
1.0.N: Trace Attempt 10	[68.06 s]
1.0.I: Trace Attempt 15	[79.07 s]
1.0.N: Trace Attempt 15	[82.93 s]
1.0.I: Trace Attempt 15	[126.95 s]
1.0.I: Trace Attempt  1	[127.26 s]
1.0.I: Trace Attempt  2	[127.28 s]
1.0.I: Trace Attempt  3	[127.37 s]
1.0.I: Trace Attempt  4	[127.49 s]
1.0.I: Trace Attempt 12	[135.99 s]
1.0.N: Trace Attempt 16	[166.60 s]
1.0.N: Trace Attempt  1	[167.04 s]
1.0.N: Trace Attempt  2	[167.14 s]
1.0.N: Trace Attempt  3	[167.16 s]
1.0.N: Trace Attempt  4	[167.42 s]
1.0.N: Trace Attempt  5	[167.51 s]
1.0.I: Trace Attempt 15	[173.52 s]
1.0.N: Trace Attempt  7	[177.24 s]
1.0.I: Trace Attempt 15	[183.55 s]
1.0.N: Trace Attempt  8	[184.97 s]
1.0.N: Trace Attempt  9	[189.63 s]
1.0.N: Trace Attempt 10	[221.93 s]
1.0.N: Trace Attempt 11	[259.05 s]
1.0.I: Trace Attempt 16	[262.80 s]
1.0.I: Trace Attempt  1	[263.23 s]
1.0.I: Trace Attempt  2	[263.25 s]
1.0.I: Trace Attempt  3	[263.35 s]
1.0.I: Trace Attempt  4	[263.48 s]
1.0.I: Trace Attempt 12	[271.97 s]
1.0.N: Trace Attempt 12	[295.64 s]
1.0.I: Trace Attempt 15	[319.44 s]
1.0.N: Trace Attempt 13	[335.60 s]
1.0.I: Trace Attempt 16	[399.56 s]
1.0.N: Trace Attempt 14	[415.09 s]
1.0.N: Trace Attempt 15	[438.79 s]
1.0.I: Trace Attempt 16	[440.19 s]
1.0.I: Trace Attempt 17	[579.93 s]
1.0.I: Trace Attempt  1	[580.37 s]
1.0.I: Trace Attempt  2	[580.39 s]
1.0.I: Trace Attempt  3	[580.50 s]
1.0.I: Trace Attempt  4	[580.65 s]
1.0.I: Trace Attempt 12	[589.32 s]
1.0.N: Trace Attempt 17	[595.72 s]
1.0.N: Trace Attempt  1	[596.20 s]
1.0.N: Trace Attempt  2	[596.30 s]
1.0.N: Trace Attempt  3	[596.32 s]
1.0.N: Trace Attempt  4	[596.78 s]
1.0.N: Trace Attempt  5	[596.94 s]
1.0.N: Trace Attempt  7	[611.68 s]
1.0.N: Trace Attempt  8	[625.77 s]
1.0.N: Trace Attempt  9	[639.08 s]
1.0.I: Trace Attempt 15	[660.03 s]
1.0.N: Trace Attempt 10	[714.40 s]
1.0.N: Trace Attempt 11	[873.90 s]
1.0.N: Trace Attempt 12	[893.58 s]
1.0.N: Per property time limit expired (1000.00 s) [1000.07 s]
1.0.N: Stopped processing property "rvfi_testbench.checker_inst.pc_wdata_match_prop"	[1000.07 s].
1.0.N: Starting proof for property "rvfi_testbench.checker_inst.mem_addr_match_prop"	[0.00 s].
1.0.I: Per property time limit expired (1000.00 s) [1000.08 s]
1.0.I: Stopped processing property "rvfi_testbench.checker_inst.pc_wdata_match_prop"	[1000.08 s].
1.0.I: Starting proof for property "rvfi_testbench.checker_inst.mem_addr_match_prop"	[0.00 s].
1.0.I: Trace Attempt  1	[9.82 s]
1.0.I: Trace Attempt  2	[9.85 s]
1.0.I: Trace Attempt  3	[9.93 s]
1.0.I: Trace Attempt  5	[10.15 s]
1.0.I: Trace Attempt 10	[15.61 s]
1.0.N: Trace Attempt  1	[17.30 s]
1.0.N: Trace Attempt  2	[17.40 s]
1.0.N: Trace Attempt  3	[17.42 s]
1.0.N: Trace Attempt  4	[17.66 s]
1.0.N: Trace Attempt  5	[17.77 s]
1.0.N: Trace Attempt  6	[21.80 s]
1.0.N: Trace Attempt  7	[86.13 s]
1.0.I: Trace Attempt 16	[908.05 s]
1.0.N: Per property time limit expired (1000.00 s) [1000.08 s]
1.0.N: Stopped processing property "rvfi_testbench.checker_inst.mem_addr_match_prop"	[1000.08 s].
1.0.N: Starting proof for property "rvfi_testbench.checker_inst.mem_wdata_match_prop"	[0.00 s].
1.0.I: Per property time limit expired (1000.00 s) [1000.07 s]
1.0.I: Stopped processing property "rvfi_testbench.checker_inst.mem_addr_match_prop"	[1000.07 s].
1.0.I: Starting proof for property "rvfi_testbench.checker_inst.mem_wdata_match_prop"	[0.00 s].
1.0.I: Trace Attempt  1	[11.47 s]
1.0.I: Trace Attempt  2	[11.49 s]
1.0.I: Trace Attempt  3	[11.58 s]
1.0.I: Trace Attempt  5	[11.77 s]
1.0.N: Trace Attempt  1	[44.70 s]
1.0.N: Trace Attempt  2	[44.80 s]
1.0.N: Trace Attempt  3	[44.81 s]
1.0.N: Trace Attempt  4	[44.99 s]
1.0.N: Trace Attempt  5	[45.70 s]
1.0.N: Trace Attempt  7	[70.48 s]
1.0.I: Trace Attempt 15	[98.60 s]
1.0.N: Trace Attempt  8	[110.08 s]
1.0.N: Trace Attempt  9	[130.73 s]
1.0.N: Trace Attempt 10	[284.16 s]
1.0.N: Trace Attempt 11	[372.32 s]
1.0.N: Trace Attempt 12	[533.11 s]
1.0.N: Trace Attempt 13	[596.79 s]
1.0.N: Trace Attempt 14	[675.08 s]
1.0.N: Trace Attempt 15	[843.67 s]
1.0.N: Trace Attempt 16	[903.98 s]
1.0.N: Trace Attempt 17	[968.62 s]
1.0.N: Per property time limit expired (1000.00 s) [1000.11 s]
1.0.N: Stopped processing property "rvfi_testbench.checker_inst.mem_wdata_match_prop"	[1000.11 s].
1.0.N: Next scan (4) will use per property time limit: 1s * 10 ^ 4 = 10000s
1.0.N: Starting proof for property "rvfi_testbench.checker_inst.pc_wdata_match_prop"	[0.00 s].
1.0.I: Per property time limit expired (1000.00 s) [1000.31 s]
1.0.I: Stopped processing property "rvfi_testbench.checker_inst.mem_wdata_match_prop"	[1000.31 s].
1.0.I: Next scan (4) will use per property time limit: 1s * 10 ^ 4 = 10000s
1.0.I: Starting proof for property "rvfi_testbench.checker_inst.pc_wdata_match_prop"	[0.00 s].
1.0.I: Trace Attempt 17	[138.79 s]
1.0.I: Trace Attempt  1	[139.21 s]
1.0.I: Trace Attempt  2	[139.23 s]
1.0.I: Trace Attempt  3	[139.34 s]
1.0.I: Trace Attempt  4	[139.48 s]
1.0.I: Trace Attempt 12	[148.38 s]
1.0.N: Trace Attempt  1	[161.17 s]
1.0.N: Trace Attempt  2	[161.27 s]
1.0.N: Trace Attempt  3	[161.29 s]
1.0.N: Trace Attempt  4	[161.76 s]
1.0.N: Trace Attempt  5	[161.93 s]
1.0.N: Trace Attempt  7	[176.89 s]
1.0.N: Trace Attempt  8	[191.06 s]
1.0.N: Trace Attempt  9	[204.36 s]
1.0.I: Trace Attempt 15	[220.25 s]
1.0.N: Trace Attempt 10	[281.32 s]
1.0.N: Trace Attempt 11	[444.35 s]
1.0.N: Trace Attempt 12	[464.55 s]
1.0.N: Trace Attempt 13	[611.92 s]
1.0.N: Trace Attempt 14	[803.25 s]
1.0.N: Trace Attempt 15	[832.50 s]
1.0.N: Trace Attempt 16	[1023.33 s]
1.0.N: Validation of fixpoint was successful. Time = 0.27
1.0.N: A proof was found: No trace exists. [1147.84 s]
INFO (IPF057): 1.0.N: The property "rvfi_testbench.checker_inst.pc_wdata_match_prop" was proven in 1147.84 s.
1.0.N: Stopped processing property "rvfi_testbench.checker_inst.pc_wdata_match_prop"	[1147.84 s].
1.0.N: Starting proof for property "rvfi_testbench.checker_inst.mem_addr_match_prop"	[0.00 s].
1: ProofGrid usable level: 2
1.0.I: Stopped processing property "rvfi_testbench.checker_inst.pc_wdata_match_prop"	[1148.84 s].
1.0.I: Starting proof for property "rvfi_testbench.checker_inst.mem_addr_match_prop"	[0.00 s].
1.0.I: Trace Attempt  1	[9.71 s]
1.0.I: Trace Attempt  2	[9.73 s]
1.0.I: Trace Attempt  3	[9.82 s]
1.0.I: Trace Attempt  5	[10.03 s]
1.0.I: Trace Attempt 10	[15.27 s]
1.0.N: Trace Attempt  1	[18.67 s]
1.0.N: Trace Attempt  2	[18.78 s]
1.0.N: Trace Attempt  3	[18.80 s]
1.0.N: Trace Attempt  4	[19.16 s]
1.0.N: Trace Attempt  5	[19.37 s]
1.0.N: Trace Attempt  6	[23.74 s]
1.0.N: Trace Attempt  7	[106.66 s]
1.0.I: Trace Attempt 16	[888.04 s]
1.0.N: Per property time limit expired (10000.00 s) [10000.53 s]
1.0.N: Stopped processing property "rvfi_testbench.checker_inst.mem_addr_match_prop"	[10000.53 s].
1.0.N: Starting proof for property "rvfi_testbench.checker_inst.mem_wdata_match_prop"	[0.00 s].
1.0.I: Stopped processing property "rvfi_testbench.checker_inst.mem_addr_match_prop"	[10001.94 s].
1.0.I: Starting proof for property "rvfi_testbench.checker_inst.mem_wdata_match_prop"	[0.00 s].
1.0.I: Trace Attempt  1	[16.88 s]
1.0.I: Trace Attempt  2	[16.91 s]
1.0.I: Trace Attempt  3	[17.06 s]
1.0.I: Trace Attempt  5	[17.29 s]
1.0.I: Trace Attempt 10	[23.36 s]
1.0.N: Trace Attempt  1	[56.79 s]
1.0.N: Trace Attempt  2	[56.91 s]
1.0.N: Trace Attempt  3	[56.92 s]
1.0.N: Trace Attempt  4	[57.18 s]
1.0.N: Trace Attempt  5	[57.38 s]
1.0.N: Trace Attempt  7	[87.91 s]
1.0.I: Trace Attempt 15	[124.76 s]
1.0.N: Trace Attempt  8	[141.03 s]
1.0.N: Trace Attempt  9	[164.87 s]
1.0.N: Trace Attempt 10	[301.02 s]
1.0.N: Trace Attempt 11	[489.32 s]
1.0.N: Trace Attempt 12	[719.20 s]
1.0.N: Trace Attempt 13	[773.28 s]
1.0.N: Trace Attempt 14	[872.62 s]
1.0.N: Trace Attempt 15	[955.46 s]
1.0.N: Trace Attempt 16	[1094.41 s]
1.0.N: Trace Attempt 17	[1253.27 s]
1.0.N: Trace Attempt 18	[1384.47 s]
1.0.N: Trace Attempt 19	[1477.65 s]
1.0.N: Trace Attempt 20	[1540.60 s]
1.0.N: Trace Attempt 21	[1742.98 s]
1.0.N: Trace Attempt 22	[1812.58 s]
1.0.N: Trace Attempt 23	[1881.37 s]
1.0.N: Trace Attempt 24	[1954.32 s]
1.0.N: Trace Attempt 26	[2044.34 s]
1.0.N: Trace Attempt 27	[2115.26 s]
1.0.N: Validation of fixpoint was successful. Time = 3.02
1.0.N: A proof was found: No trace exists. [2239.39 s]
INFO (IPF057): 1.0.N: The property "rvfi_testbench.checker_inst.mem_wdata_match_prop" was proven in 2239.39 s.
1.0.N: Stopped processing property "rvfi_testbench.checker_inst.mem_wdata_match_prop"	[2239.39 s].
1.0.N: Last scan. Per property time limit: 0s
1.0.N: Starting proof for property "rvfi_testbench.checker_inst.mem_addr_match_prop"	[0.00 s].
1.0.I: Stopped processing property "rvfi_testbench.checker_inst.mem_wdata_match_prop"	[2237.22 s].
1.0.I: Last scan. Per property time limit: 0s
1.0.I: Starting proof for property "rvfi_testbench.checker_inst.mem_addr_match_prop"	[0.00 s].
1: ProofGrid usable level: 1
1.0.I: Trace Attempt  1	[15.84 s]
1.0.I: Trace Attempt  2	[15.87 s]
1.0.I: Trace Attempt  3	[16.00 s]
1.0.I: Trace Attempt  5	[16.30 s]
1.0.I: Trace Attempt 10	[24.25 s]
1.0.N: Trace Attempt  1	[35.76 s]
1.0.N: Trace Attempt  2	[35.91 s]
1.0.N: Trace Attempt  3	[35.93 s]
1.0.N: Trace Attempt  4	[36.58 s]
1.0.N: Trace Attempt  5	[37.04 s]
1.0.N: Trace Attempt  6	[41.11 s]
1.0.N: Trace Attempt  7	[161.86 s]
1.0.I: Trace Attempt 16	[1374.68 s]
INFO (IPL017): The host machine is running out of memory.
    This message was triggered because the system reached 10% memory.
    System memory use information:
    [Process]
        Memory In Use: 5600288 kB (5%)
        Peak Memory Usage: 5699008 kB (5%)
    [Host]
        Available Memory: 10646376 kB (10%)
        Total Memory: 98449088 kB
        Free Swap: 3910052 kB (93%)
        Total Swap: 4194300 kB
INFO (IPL017): The host machine is running out of memory.
    This message was triggered because the system reached 1% memory.
    System memory use information:
    [Process]
        Memory In Use: 5493804 kB (5%)
        Peak Memory Usage: 5699008 kB (5%)
    [Host]
        Available Memory: 1951404 kB (1%)
        Total Memory: 98449088 kB
        Free Swap: 3692536 kB (88%)
        Total Swap: 4194300 kB
WARNING (WPF031): 1.0.I: Major page faults detected. Host "caddy15.stanford.edu" might be low on memory.
    Total memory = 98449088 kiB
    Free memory  = 2557592 kiB (2.60 %), Free swap = 2782740 kiB
WARNING (WPF031): 1.0.N: Major page faults detected. Host "caddy15.stanford.edu" might be low on memory.
    Total memory = 98449088 kiB
    Free memory  = 1904512 kiB (1.93 %), Free swap = 2276412 kiB
WARNING (WPF031): 1.0.I: Major page faults detected. Host "caddy15.stanford.edu" might be low on memory.
    Total memory = 98449088 kiB
    Free memory  = 1721840 kiB (1.75 %), Free swap = 921480 kiB
WARNING (WPF031): 1.0.N: Major page faults detected. Host "caddy15.stanford.edu" might be low on memory.
    Total memory = 98449088 kiB
    Free memory  = 1673656 kiB (1.70 %), Free swap = 159892 kiB
INFO (IPL005): Received request to exit from the console.
INFO (IIM001): *** Interrupting current command ***
INFO (IPL014): Waiting for the Tcl-thread to exit.
INFO (IPF144): 1: Initiating shutdown of proof [72961.49 s]
1.0.N: Stopped processing property "rvfi_testbench.checker_inst.mem_addr_match_prop"	[56023.41 s].
1.0.N: Interrupted. [56023.43 s]
1.0.N: Exited with Success (@ 72962.94 s)
1.0.I: Sending SIGKILL
1.0.I: Stopped processing property "rvfi_testbench.checker_inst.mem_addr_match_prop"	[56024.10 s].
1.0.I: Terminated by signal SIGKILL (@ 72963.90 s)
1: ProofGrid usable level: 0
1: --------------------------------------------------------------
ProofGrid Summary (utilization 100.00 %)
--------------------------------------------------------------
     engines started                               :     2
     engine jobs started                           :     2
     jobs where 1 minute load exceeded core count  :     2
     jobs where 5 minute load exceeded core count  :     2

    Average time in state (seconds)
    ------------------------------------------------------
    Engine  Pending     Running        Dead    Utilization
    ------------------------------------------------------
      I        0.13    72963.68        0.00      100.00 %
      N        0.11    72962.77        0.00      100.00 %
    all        0.12    72963.22        0.00      100.00 %

    Total time in state (seconds)
    -----------------------------------------
            Pending     Running        Dead  
    -----------------------------------------
               0.23   145926.45        0.00

    Data read    : 2.30 MiB
    Data written : 33.68 kiB

1: All pending notifications were processed.
INFO (IPM007): "prove" command stopped.

==============================================================
SUMMARY
==============================================================
           Properties Considered              : 29
                 assertions                   : 10
                  - proven                    : 8 (80%)
                  - bounded_proven (user)     : 0 (0%)
                  - bounded_proven (auto)     : 0 (0%)
                  - marked_proven             : 0 (0%)
                  - cex                       : 1 (10%)
                  - ar_cex                    : 0 (0%)
                  - undetermined              : 1 (10%)
                  - unknown                   : 0 (0%)
                  - error                     : 0 (0%)
                 covers                       : 19
                  - unreachable               : 0 (0%)
                  - bounded_unreachable (user): 0 (0%)
                  - covered                   : 19 (100%)
                  - ar_covered                : 0 (0%)
                  - undetermined              : 0 (0%)
                  - unknown                   : 0 (0%)
                  - error                     : 0 (0%)
INFO: Waiting for proof threads to stop...
INFO: Proof threads stopped.
INFO (IPL018): The peak resident set memory use for this session was 6.012 GB.
INFO (IPL015): The Tcl-thread exited with status 0.
INFO (IPL016): Exiting the analysis session with status 0.
